<?xml version="1.0" encoding="UTF-8"?>
<coverage generated="1584367783542" clover="3.2.0">
  <project timestamp="1584367783542" name="All files">
    <metrics statements="22" coveredstatements="14" conditionals="10" coveredconditionals="7" methods="8" coveredmethods="3" elements="40" coveredelements="24" complexity="0" loc="22" ncloc="22" packages="1" files="2" classes="2"/>
    <file name="BorderAnimated.tsx" path="/Users/karolis/imkarolis/currency-exchanger-app/src/components/Dropdown/BorderAnimated.tsx">
      <metrics statements="1" coveredstatements="1" conditionals="2" coveredconditionals="2" methods="1" coveredmethods="1"/>
      <line num="7" count="12" type="stmt"/>
    </file>
    <file name="index.tsx" path="/Users/karolis/imkarolis/currency-exchanger-app/src/components/Dropdown/index.tsx">
      <metrics statements="21" coveredstatements="13" conditionals="8" coveredconditionals="5" methods="7" coveredmethods="2"/>
      <line num="24" count="12" type="stmt"/>
      <line num="25" count="12" type="stmt"/>
      <line num="26" count="12" type="stmt"/>
      <line num="28" count="12" type="stmt"/>
      <line num="29" count="12" type="stmt"/>
      <line num="30" count="12" type="stmt"/>
      <line num="31" count="12" type="stmt"/>
      <line num="32" count="12" type="stmt"/>
      <line num="34" count="12" type="stmt"/>
      <line num="35" count="0" type="stmt"/>
      <line num="38" count="12" type="stmt"/>
      <line num="39" count="0" type="stmt"/>
      <line num="40" count="0" type="stmt"/>
      <line num="43" count="12" type="stmt"/>
      <line num="44" count="0" type="cond" truecount="0" falsecount="2"/>
      <line num="45" count="0" type="stmt"/>
      <line num="46" count="0" type="stmt"/>
      <line num="48" count="0" type="stmt"/>
      <line num="52" count="12" type="cond" truecount="1" falsecount="1"/>
      <line num="54" count="12" type="stmt"/>
      <line num="93" count="0" type="stmt"/>
    </file>
  </project>
</coverage>
