{"/Users/karolis/imkarolis/currency-exchanger-app/src/index.tsx": {"path":"/Users/karolis/imkarolis/currency-exchanger-app/src/index.tsx","statementMap":{"0":{"start":{"line":9,"column":15},"end":{"line":19,"column":1}},"1":{"start":{"line":10,"column":2},"end":{"line":18,"column":4}},"2":{"start":{"line":20,"column":0},"end":{"line":20,"column":9}}},"fnMap":{"0":{"name":"(anonymous_0)","decl":{"start":{"line":9,"column":15},"end":{"line":9,"column":16}},"loc":{"start":{"line":9,"column":21},"end":{"line":19,"column":1}},"line":9}},"branchMap":{},"s":{"0":0,"1":0,"2":0},"f":{"0":0},"b":{},"hash":"0cc6bfc437b3aa45ed3ee69eca73205d5b6ca73f"}
,"/Users/karolis/imkarolis/currency-exchanger-app/src/api/currenciesAPI.ts": {"path":"/Users/karolis/imkarolis/currency-exchanger-app/src/api/currenciesAPI.ts","statementMap":{"0":{"start":{"line":5,"column":16},"end":{"line":5,"column":49}},"1":{"start":{"line":13,"column":17},"end":{"line":13,"column":83}},"2":{"start":{"line":14,"column":20},"end":{"line":14,"column":40}},"3":{"start":{"line":15,"column":16},"end":{"line":15,"column":55}},"4":{"start":{"line":16,"column":32},"end":{"line":16,"column":34}},"5":{"start":{"line":18,"column":2},"end":{"line":24,"column":5}},"6":{"start":{"line":19,"column":4},"end":{"line":23,"column":5}},"7":{"start":{"line":20,"column":6},"end":{"line":20,"column":53}},"8":{"start":{"line":22,"column":6},"end":{"line":22,"column":39}},"9":{"start":{"line":26,"column":2},"end":{"line":26,"column":53}},"10":{"start":{"line":26,"column":34},"end":{"line":26,"column":51}},"11":{"start":{"line":32,"column":17},"end":{"line":32,"column":76}},"12":{"start":{"line":33,"column":2},"end":{"line":33,"column":14}},"13":{"start":{"line":42,"column":17},"end":{"line":42,"column":92}},"14":{"start":{"line":43,"column":2},"end":{"line":43,"column":44}},"15":{"start":{"line":57,"column":17},"end":{"line":61,"column":3}},"16":{"start":{"line":62,"column":20},"end":{"line":62,"column":57}},"17":{"start":{"line":63,"column":2},"end":{"line":63,"column":19}},"18":{"start":{"line":72,"column":17},"end":{"line":75,"column":4}},"19":{"start":{"line":77,"column":2},"end":{"line":77,"column":14}}},"fnMap":{"0":{"name":"getCurrencies","decl":{"start":{"line":11,"column":15},"end":{"line":11,"column":28}},"loc":{"start":{"line":11,"column":52},"end":{"line":29,"column":1}},"line":11},"1":{"name":"(anonymous_1)","decl":{"start":{"line":18,"column":16},"end":{"line":18,"column":17}},"loc":{"start":{"line":18,"column":24},"end":{"line":24,"column":3}},"line":18},"2":{"name":"(anonymous_2)","decl":{"start":{"line":26,"column":24},"end":{"line":26,"column":25}},"loc":{"start":{"line":26,"column":34},"end":{"line":26,"column":51}},"line":26},"3":{"name":"getMyPockets","decl":{"start":{"line":31,"column":15},"end":{"line":31,"column":27}},"loc":{"start":{"line":31,"column":64},"end":{"line":34,"column":1}},"line":31},"4":{"name":"getCurrentRate","decl":{"start":{"line":41,"column":15},"end":{"line":41,"column":29}},"loc":{"start":{"line":41,"column":96},"end":{"line":44,"column":1}},"line":41},"5":{"name":"getDataPoints","decl":{"start":{"line":52,"column":15},"end":{"line":52,"column":28}},"loc":{"start":{"line":56,"column":54},"end":{"line":64,"column":1}},"line":56},"6":{"name":"updatePockets","decl":{"start":{"line":71,"column":15},"end":{"line":71,"column":28}},"loc":{"start":{"line":71,"column":90},"end":{"line":78,"column":1}},"line":71}},"branchMap":{"0":{"loc":{"start":{"line":19,"column":4},"end":{"line":23,"column":5}},"type":"if","locations":[{"start":{"line":19,"column":4},"end":{"line":23,"column":5}},{"start":{"line":19,"column":4},"end":{"line":23,"column":5}}],"line":19},"1":{"loc":{"start":{"line":53,"column":2},"end":{"line":53,"column":14}},"type":"default-arg","locations":[{"start":{"line":53,"column":12},"end":{"line":53,"column":14}}],"line":53}},"s":{"0":1,"1":11,"2":5,"3":0,"4":0,"5":0,"6":0,"7":0,"8":0,"9":0,"10":0,"11":5,"12":0,"13":0,"14":0,"15":0,"16":0,"17":0,"18":0,"19":0},"f":{"0":11,"1":0,"2":0,"3":5,"4":0,"5":0,"6":0},"b":{"0":[0,0],"1":[0]},"_coverageSchema":"43e27e138ebf9cfc5966b082cf9a028302ed4184","hash":"df532114ff179c673dc7eaa9791c795a0908f481"}
,"/Users/karolis/imkarolis/currency-exchanger-app/src/app/App.tsx": {"path":"/Users/karolis/imkarolis/currency-exchanger-app/src/app/App.tsx","statementMap":{"0":{"start":{"line":42,"column":6},"end":{"line":42,"column":50}},"1":{"start":{"line":42,"column":40},"end":{"line":42,"column":49}},"2":{"start":{"line":43,"column":19},"end":{"line":43,"column":32}},"3":{"start":{"line":44,"column":2},"end":{"line":44,"column":19}},"4":{"start":{"line":45,"column":2},"end":{"line":45,"column":20}},"5":{"start":{"line":47,"column":2},"end":{"line":54,"column":33}},"6":{"start":{"line":48,"column":4},"end":{"line":48,"column":45}},"7":{"start":{"line":48,"column":38},"end":{"line":48,"column":45}},"8":{"start":{"line":49,"column":4},"end":{"line":49,"column":36}},"9":{"start":{"line":50,"column":4},"end":{"line":53,"column":6}},"10":{"start":{"line":56,"column":2},"end":{"line":59,"column":23}},"11":{"start":{"line":57,"column":4},"end":{"line":57,"column":34}},"12":{"start":{"line":58,"column":4},"end":{"line":58,"column":32}},"13":{"start":{"line":61,"column":2},"end":{"line":64,"column":34}},"14":{"start":{"line":62,"column":4},"end":{"line":62,"column":30}},"15":{"start":{"line":62,"column":23},"end":{"line":62,"column":30}},"16":{"start":{"line":63,"column":4},"end":{"line":63,"column":33}},"17":{"start":{"line":66,"column":2},"end":{"line":68,"column":3}},"18":{"start":{"line":67,"column":4},"end":{"line":67,"column":22}},"19":{"start":{"line":70,"column":2},"end":{"line":125,"column":4}},"20":{"start":{"line":75,"column":12},"end":{"line":77,"column":19}},"21":{"start":{"line":87,"column":51},"end":{"line":87,"column":78}},"22":{"start":{"line":106,"column":51},"end":{"line":106,"column":80}},"23":{"start":{"line":132,"column":2},"end":{"line":132,"column":104}},"24":{"start":{"line":135,"column":2},"end":{"line":137,"column":4}},"25":{"start":{"line":140,"column":2},"end":{"line":140,"column":78}},"26":{"start":{"line":144,"column":19},"end":{"line":144,"column":32}},"27":{"start":{"line":145,"column":37},"end":{"line":145,"column":81}},"28":{"start":{"line":145,"column":71},"end":{"line":145,"column":80}},"29":{"start":{"line":147,"column":2},"end":{"line":161,"column":33}},"30":{"start":{"line":149,"column":6},"end":{"line":149,"column":59}},"31":{"start":{"line":152,"column":21},"end":{"line":152,"column":25}},"32":{"start":{"line":154,"column":4},"end":{"line":157,"column":13}},"33":{"start":{"line":155,"column":6},"end":{"line":155,"column":47}},"34":{"start":{"line":155,"column":40},"end":{"line":155,"column":47}},"35":{"start":{"line":156,"column":6},"end":{"line":156,"column":55}},"36":{"start":{"line":159,"column":4},"end":{"line":159,"column":25}},"37":{"start":{"line":160,"column":4},"end":{"line":160,"column":38}},"38":{"start":{"line":160,"column":17},"end":{"line":160,"column":37}}},"fnMap":{"0":{"name":"CurrencyExchange","decl":{"start":{"line":28,"column":24},"end":{"line":28,"column":40}},"loc":{"start":{"line":28,"column":43},"end":{"line":126,"column":1}},"line":28},"1":{"name":"(anonymous_1)","decl":{"start":{"line":42,"column":18},"end":{"line":42,"column":19}},"loc":{"start":{"line":42,"column":40},"end":{"line":42,"column":49}},"line":42},"2":{"name":"(anonymous_2)","decl":{"start":{"line":47,"column":18},"end":{"line":47,"column":19}},"loc":{"start":{"line":47,"column":24},"end":{"line":54,"column":3}},"line":47},"3":{"name":"(anonymous_3)","decl":{"start":{"line":56,"column":18},"end":{"line":56,"column":19}},"loc":{"start":{"line":56,"column":24},"end":{"line":59,"column":3}},"line":56},"4":{"name":"(anonymous_4)","decl":{"start":{"line":61,"column":18},"end":{"line":61,"column":19}},"loc":{"start":{"line":61,"column":24},"end":{"line":64,"column":3}},"line":61},"5":{"name":"(anonymous_5)","decl":{"start":{"line":74,"column":18},"end":{"line":74,"column":19}},"loc":{"start":{"line":75,"column":12},"end":{"line":77,"column":19}},"line":75},"6":{"name":"(anonymous_6)","decl":{"start":{"line":87,"column":46},"end":{"line":87,"column":47}},"loc":{"start":{"line":87,"column":51},"end":{"line":87,"column":78}},"line":87},"7":{"name":"(anonymous_7)","decl":{"start":{"line":106,"column":46},"end":{"line":106,"column":47}},"loc":{"start":{"line":106,"column":51},"end":{"line":106,"column":80}},"line":106},"8":{"name":"ContainerScreen","decl":{"start":{"line":131,"column":9},"end":{"line":131,"column":24}},"loc":{"start":{"line":131,"column":61},"end":{"line":133,"column":1}},"line":131},"9":{"name":"ContainerApp","decl":{"start":{"line":134,"column":9},"end":{"line":134,"column":21}},"loc":{"start":{"line":134,"column":58},"end":{"line":138,"column":1}},"line":134},"10":{"name":"ContainerInputs","decl":{"start":{"line":139,"column":9},"end":{"line":139,"column":24}},"loc":{"start":{"line":139,"column":61},"end":{"line":141,"column":1}},"line":139},"11":{"name":"useCurrentRate","decl":{"start":{"line":143,"column":9},"end":{"line":143,"column":23}},"loc":{"start":{"line":143,"column":26},"end":{"line":162,"column":1}},"line":143},"12":{"name":"(anonymous_12)","decl":{"start":{"line":145,"column":49},"end":{"line":145,"column":50}},"loc":{"start":{"line":145,"column":71},"end":{"line":145,"column":80}},"line":145},"13":{"name":"(anonymous_13)","decl":{"start":{"line":147,"column":18},"end":{"line":147,"column":19}},"loc":{"start":{"line":147,"column":24},"end":{"line":161,"column":3}},"line":147},"14":{"name":"startPolling","decl":{"start":{"line":148,"column":13},"end":{"line":148,"column":25}},"loc":{"start":{"line":148,"column":68},"end":{"line":150,"column":5}},"line":148},"15":{"name":"(anonymous_15)","decl":{"start":{"line":154,"column":24},"end":{"line":154,"column":25}},"loc":{"start":{"line":154,"column":30},"end":{"line":157,"column":5}},"line":154},"16":{"name":"(anonymous_16)","decl":{"start":{"line":160,"column":11},"end":{"line":160,"column":12}},"loc":{"start":{"line":160,"column":17},"end":{"line":160,"column":37}},"line":160}},"branchMap":{"0":{"loc":{"start":{"line":48,"column":4},"end":{"line":48,"column":45}},"type":"if","locations":[{"start":{"line":48,"column":4},"end":{"line":48,"column":45}},{"start":{"line":48,"column":4},"end":{"line":48,"column":45}}],"line":48},"1":{"loc":{"start":{"line":48,"column":8},"end":{"line":48,"column":36}},"type":"binary-expr","locations":[{"start":{"line":48,"column":8},"end":{"line":48,"column":21}},{"start":{"line":48,"column":25},"end":{"line":48,"column":36}}],"line":48},"2":{"loc":{"start":{"line":62,"column":4},"end":{"line":62,"column":30}},"type":"if","locations":[{"start":{"line":62,"column":4},"end":{"line":62,"column":30}},{"start":{"line":62,"column":4},"end":{"line":62,"column":30}}],"line":62},"3":{"loc":{"start":{"line":66,"column":2},"end":{"line":68,"column":3}},"type":"if","locations":[{"start":{"line":66,"column":2},"end":{"line":68,"column":3}},{"start":{"line":66,"column":2},"end":{"line":68,"column":3}}],"line":66},"4":{"loc":{"start":{"line":155,"column":6},"end":{"line":155,"column":47}},"type":"if","locations":[{"start":{"line":155,"column":6},"end":{"line":155,"column":47}},{"start":{"line":155,"column":6},"end":{"line":155,"column":47}}],"line":155},"5":{"loc":{"start":{"line":155,"column":10},"end":{"line":155,"column":38}},"type":"binary-expr","locations":[{"start":{"line":155,"column":10},"end":{"line":155,"column":23}},{"start":{"line":155,"column":27},"end":{"line":155,"column":38}}],"line":155}},"s":{"0":11,"1":32,"2":11,"3":11,"4":11,"5":11,"6":11,"7":1,"8":10,"9":10,"10":11,"11":11,"12":11,"13":11,"14":11,"15":1,"16":10,"17":11,"18":1,"19":10,"20":0,"21":20,"22":20,"23":10,"24":10,"25":20,"26":11,"27":11,"28":32,"29":11,"30":0,"31":11,"32":11,"33":0,"34":0,"35":0,"36":11,"37":11,"38":11},"f":{"0":11,"1":32,"2":11,"3":11,"4":11,"5":0,"6":20,"7":20,"8":10,"9":10,"10":20,"11":11,"12":32,"13":11,"14":0,"15":0,"16":11},"b":{"0":[1,10],"1":[11,10],"2":[1,10],"3":[1,10],"4":[0,0],"5":[0,0]},"_coverageSchema":"43e27e138ebf9cfc5966b082cf9a028302ed4184","hash":"50ae047ed06137ea36cdd54936e2073ecd8ba3d4"}
,"/Users/karolis/imkarolis/currency-exchanger-app/src/app/appState.ts": {"path":"/Users/karolis/imkarolis/currency-exchanger-app/src/app/appState.ts","statementMap":{"0":{"start":{"line":9,"column":43},"end":{"line":24,"column":1}},"1":{"start":{"line":34,"column":19},"end":{"line":142,"column":2}},"2":{"start":{"line":40,"column":78},"end":{"line":40,"column":92}},"3":{"start":{"line":41,"column":6},"end":{"line":41,"column":47}},"4":{"start":{"line":41,"column":40},"end":{"line":41,"column":47}},"5":{"start":{"line":42,"column":6},"end":{"line":42,"column":36}},"6":{"start":{"line":43,"column":6},"end":{"line":43,"column":40}},"7":{"start":{"line":44,"column":6},"end":{"line":44,"column":36}},"8":{"start":{"line":45,"column":6},"end":{"line":45,"column":38}},"9":{"start":{"line":46,"column":6},"end":{"line":46,"column":36}},"10":{"start":{"line":47,"column":6},"end":{"line":47,"column":30}},"11":{"start":{"line":48,"column":6},"end":{"line":48,"column":25}},"12":{"start":{"line":49,"column":6},"end":{"line":49,"column":49}},"13":{"start":{"line":50,"column":6},"end":{"line":50,"column":45}},"14":{"start":{"line":53,"column":6},"end":{"line":53,"column":30}},"15":{"start":{"line":54,"column":6},"end":{"line":54,"column":72}},"16":{"start":{"line":58,"column":6},"end":{"line":58,"column":41}},"17":{"start":{"line":59,"column":6},"end":{"line":59,"column":25}},"18":{"start":{"line":62,"column":6},"end":{"line":62,"column":36}},"19":{"start":{"line":62,"column":29},"end":{"line":62,"column":36}},"20":{"start":{"line":63,"column":6},"end":{"line":63,"column":31}},"21":{"start":{"line":64,"column":6},"end":{"line":64,"column":103}},"22":{"start":{"line":68,"column":6},"end":{"line":68,"column":40}},"23":{"start":{"line":71,"column":6},"end":{"line":71,"column":36}},"24":{"start":{"line":71,"column":29},"end":{"line":71,"column":36}},"25":{"start":{"line":72,"column":6},"end":{"line":72,"column":28}},"26":{"start":{"line":73,"column":6},"end":{"line":73,"column":103}},"27":{"start":{"line":77,"column":6},"end":{"line":77,"column":58}},"28":{"start":{"line":77,"column":51},"end":{"line":77,"column":58}},"29":{"start":{"line":78,"column":6},"end":{"line":78,"column":82}},"30":{"start":{"line":79,"column":6},"end":{"line":79,"column":86}},"31":{"start":{"line":83,"column":6},"end":{"line":83,"column":114}},"32":{"start":{"line":83,"column":107},"end":{"line":83,"column":114}},"33":{"start":{"line":84,"column":20},"end":{"line":84,"column":35}},"34":{"start":{"line":85,"column":6},"end":{"line":85,"column":35}},"35":{"start":{"line":86,"column":6},"end":{"line":86,"column":82}},"36":{"start":{"line":87,"column":6},"end":{"line":87,"column":77}},"37":{"start":{"line":88,"column":6},"end":{"line":88,"column":86}},"38":{"start":{"line":89,"column":6},"end":{"line":89,"column":117}},"39":{"start":{"line":92,"column":6},"end":{"line":92,"column":114}},"40":{"start":{"line":92,"column":107},"end":{"line":92,"column":114}},"41":{"start":{"line":93,"column":20},"end":{"line":93,"column":35}},"42":{"start":{"line":94,"column":6},"end":{"line":94,"column":33}},"43":{"start":{"line":95,"column":6},"end":{"line":95,"column":82}},"44":{"start":{"line":96,"column":6},"end":{"line":96,"column":73}},"45":{"start":{"line":97,"column":6},"end":{"line":97,"column":92}},"46":{"start":{"line":98,"column":6},"end":{"line":98,"column":117}},"47":{"start":{"line":102,"column":6},"end":{"line":102,"column":59}},"48":{"start":{"line":102,"column":52},"end":{"line":102,"column":59}},"49":{"start":{"line":103,"column":25},"end":{"line":103,"column":43}},"50":{"start":{"line":104,"column":27},"end":{"line":104,"column":43}},"51":{"start":{"line":105,"column":6},"end":{"line":105,"column":36}},"52":{"start":{"line":106,"column":6},"end":{"line":106,"column":40}},"53":{"start":{"line":107,"column":6},"end":{"line":107,"column":48}},"54":{"start":{"line":108,"column":6},"end":{"line":108,"column":90}},"55":{"start":{"line":109,"column":6},"end":{"line":109,"column":41}},"56":{"start":{"line":110,"column":6},"end":{"line":110,"column":117}},"57":{"start":{"line":113,"column":6},"end":{"line":113,"column":36}},"58":{"start":{"line":113,"column":29},"end":{"line":113,"column":36}},"59":{"start":{"line":114,"column":6},"end":{"line":114,"column":42}},"60":{"start":{"line":115,"column":6},"end":{"line":115,"column":92}},"61":{"start":{"line":116,"column":6},"end":{"line":119,"column":9}},"62":{"start":{"line":122,"column":6},"end":{"line":122,"column":40}},"63":{"start":{"line":123,"column":6},"end":{"line":123,"column":86}},"64":{"start":{"line":127,"column":6},"end":{"line":127,"column":35}},"65":{"start":{"line":127,"column":28},"end":{"line":127,"column":35}},"66":{"start":{"line":128,"column":6},"end":{"line":128,"column":32}},"67":{"start":{"line":131,"column":6},"end":{"line":131,"column":59}},"68":{"start":{"line":132,"column":6},"end":{"line":132,"column":54}},"69":{"start":{"line":133,"column":6},"end":{"line":133,"column":33}},"70":{"start":{"line":134,"column":6},"end":{"line":134,"column":31}},"71":{"start":{"line":135,"column":6},"end":{"line":135,"column":29}},"72":{"start":{"line":136,"column":6},"end":{"line":136,"column":30}},"73":{"start":{"line":139,"column":6},"end":{"line":139,"column":89}},"74":{"start":{"line":160,"column":4},"end":{"line":160,"column":22}},"75":{"start":{"line":163,"column":31},"end":{"line":184,"column":1}},"76":{"start":{"line":163,"column":47},"end":{"line":184,"column":1}},"77":{"start":{"line":164,"column":22},"end":{"line":164,"column":27}},"78":{"start":{"line":165,"column":20},"end":{"line":165,"column":25}},"79":{"start":{"line":167,"column":2},"end":{"line":183,"column":3}},"80":{"start":{"line":168,"column":39},"end":{"line":168,"column":65}},"81":{"start":{"line":169,"column":23},"end":{"line":169,"column":44}},"82":{"start":{"line":170,"column":24},"end":{"line":173,"column":6}},"83":{"start":{"line":174,"column":23},"end":{"line":177,"column":6}},"84":{"start":{"line":178,"column":25},"end":{"line":178,"column":91}},"85":{"start":{"line":179,"column":23},"end":{"line":179,"column":83}},"86":{"start":{"line":180,"column":4},"end":{"line":180,"column":100}},"87":{"start":{"line":182,"column":4},"end":{"line":182,"column":34}},"88":{"start":{"line":186,"column":32},"end":{"line":193,"column":1}},"89":{"start":{"line":186,"column":88},"end":{"line":193,"column":1}},"90":{"start":{"line":187,"column":2},"end":{"line":192,"column":3}},"91":{"start":{"line":188,"column":24},"end":{"line":188,"column":72}},"92":{"start":{"line":189,"column":4},"end":{"line":189,"column":49}},"93":{"start":{"line":191,"column":4},"end":{"line":191,"column":35}},"94":{"start":{"line":195,"column":31},"end":{"line":202,"column":1}},"95":{"start":{"line":195,"column":87},"end":{"line":202,"column":1}},"96":{"start":{"line":196,"column":2},"end":{"line":201,"column":3}},"97":{"start":{"line":197,"column":23},"end":{"line":197,"column":70}},"98":{"start":{"line":198,"column":4},"end":{"line":198,"column":47}},"99":{"start":{"line":200,"column":4},"end":{"line":200,"column":34}},"100":{"start":{"line":204,"column":32},"end":{"line":206,"column":1}},"101":{"start":{"line":204,"column":48},"end":{"line":206,"column":1}},"102":{"start":{"line":205,"column":2},"end":{"line":205,"column":32}},"103":{"start":{"line":208,"column":33},"end":{"line":210,"column":1}},"104":{"start":{"line":208,"column":62},"end":{"line":210,"column":1}},"105":{"start":{"line":209,"column":2},"end":{"line":209,"column":41}},"106":{"start":{"line":212,"column":31},"end":{"line":214,"column":1}},"107":{"start":{"line":212,"column":60},"end":{"line":214,"column":1}},"108":{"start":{"line":213,"column":2},"end":{"line":213,"column":39}},"109":{"start":{"line":216,"column":26},"end":{"line":218,"column":1}},"110":{"start":{"line":216,"column":64},"end":{"line":218,"column":1}},"111":{"start":{"line":217,"column":2},"end":{"line":217,"column":43}},"112":{"start":{"line":220,"column":24},"end":{"line":222,"column":1}},"113":{"start":{"line":220,"column":58},"end":{"line":222,"column":1}},"114":{"start":{"line":221,"column":2},"end":{"line":221,"column":37}},"115":{"start":{"line":224,"column":30},"end":{"line":237,"column":1}},"116":{"start":{"line":230,"column":16},"end":{"line":237,"column":1}},"117":{"start":{"line":231,"column":2},"end":{"line":236,"column":3}},"118":{"start":{"line":232,"column":24},"end":{"line":232,"column":72}},"119":{"start":{"line":233,"column":4},"end":{"line":233,"column":49}},"120":{"start":{"line":235,"column":4},"end":{"line":235,"column":35}},"121":{"start":{"line":239,"column":28},"end":{"line":247,"column":1}},"122":{"start":{"line":239,"column":90},"end":{"line":247,"column":1}},"123":{"start":{"line":240,"column":2},"end":{"line":240,"column":42}},"124":{"start":{"line":241,"column":2},"end":{"line":246,"column":3}},"125":{"start":{"line":242,"column":4},"end":{"line":242,"column":52}},"126":{"start":{"line":243,"column":4},"end":{"line":243,"column":46}},"127":{"start":{"line":245,"column":4},"end":{"line":245,"column":43}},"128":{"start":{"line":250,"column":17},"end":{"line":250,"column":58}},"129":{"start":{"line":251,"column":2},"end":{"line":251,"column":61}},"130":{"start":{"line":251,"column":15},"end":{"line":251,"column":61}},"131":{"start":{"line":252,"column":37},"end":{"line":252,"column":55}},"132":{"start":{"line":253,"column":2},"end":{"line":253,"column":36}}},"fnMap":{"0":{"name":"(anonymous_0)","decl":{"start":{"line":39,"column":4},"end":{"line":39,"column":5}},"loc":{"start":{"line":39,"column":84},"end":{"line":51,"column":5}},"line":39},"1":{"name":"(anonymous_1)","decl":{"start":{"line":52,"column":4},"end":{"line":52,"column":5}},"loc":{"start":{"line":52,"column":29},"end":{"line":55,"column":5}},"line":52},"2":{"name":"(anonymous_2)","decl":{"start":{"line":57,"column":4},"end":{"line":57,"column":5}},"loc":{"start":{"line":57,"column":64},"end":{"line":60,"column":5}},"line":57},"3":{"name":"(anonymous_3)","decl":{"start":{"line":61,"column":4},"end":{"line":61,"column":5}},"loc":{"start":{"line":61,"column":30},"end":{"line":65,"column":5}},"line":61},"4":{"name":"(anonymous_4)","decl":{"start":{"line":67,"column":4},"end":{"line":67,"column":5}},"loc":{"start":{"line":67,"column":81},"end":{"line":69,"column":5}},"line":67},"5":{"name":"(anonymous_5)","decl":{"start":{"line":70,"column":4},"end":{"line":70,"column":5}},"loc":{"start":{"line":70,"column":29},"end":{"line":74,"column":5}},"line":70},"6":{"name":"(anonymous_6)","decl":{"start":{"line":76,"column":4},"end":{"line":76,"column":5}},"loc":{"start":{"line":76,"column":29},"end":{"line":80,"column":5}},"line":76},"7":{"name":"(anonymous_7)","decl":{"start":{"line":82,"column":4},"end":{"line":82,"column":5}},"loc":{"start":{"line":82,"column":64},"end":{"line":90,"column":5}},"line":82},"8":{"name":"(anonymous_8)","decl":{"start":{"line":91,"column":4},"end":{"line":91,"column":5}},"loc":{"start":{"line":91,"column":62},"end":{"line":99,"column":5}},"line":91},"9":{"name":"(anonymous_9)","decl":{"start":{"line":101,"column":4},"end":{"line":101,"column":5}},"loc":{"start":{"line":101,"column":64},"end":{"line":111,"column":5}},"line":101},"10":{"name":"(anonymous_10)","decl":{"start":{"line":112,"column":4},"end":{"line":112,"column":5}},"loc":{"start":{"line":112,"column":61},"end":{"line":120,"column":5}},"line":112},"11":{"name":"(anonymous_11)","decl":{"start":{"line":121,"column":4},"end":{"line":121,"column":5}},"loc":{"start":{"line":121,"column":59},"end":{"line":124,"column":5}},"line":121},"12":{"name":"(anonymous_12)","decl":{"start":{"line":126,"column":4},"end":{"line":126,"column":5}},"loc":{"start":{"line":126,"column":39},"end":{"line":129,"column":5}},"line":126},"13":{"name":"(anonymous_13)","decl":{"start":{"line":130,"column":4},"end":{"line":130,"column":5}},"loc":{"start":{"line":130,"column":41},"end":{"line":137,"column":5}},"line":130},"14":{"name":"(anonymous_14)","decl":{"start":{"line":138,"column":4},"end":{"line":138,"column":5}},"loc":{"start":{"line":138,"column":38},"end":{"line":140,"column":5}},"line":138},"15":{"name":"(anonymous_15)","decl":{"start":{"line":163,"column":31},"end":{"line":163,"column":32}},"loc":{"start":{"line":163,"column":47},"end":{"line":184,"column":1}},"line":163},"16":{"name":"(anonymous_16)","decl":{"start":{"line":163,"column":47},"end":{"line":163,"column":48}},"loc":{"start":{"line":163,"column":65},"end":{"line":184,"column":1}},"line":163},"17":{"name":"(anonymous_17)","decl":{"start":{"line":186,"column":32},"end":{"line":186,"column":33}},"loc":{"start":{"line":186,"column":88},"end":{"line":193,"column":1}},"line":186},"18":{"name":"(anonymous_18)","decl":{"start":{"line":186,"column":88},"end":{"line":186,"column":89}},"loc":{"start":{"line":186,"column":106},"end":{"line":193,"column":1}},"line":186},"19":{"name":"(anonymous_19)","decl":{"start":{"line":195,"column":31},"end":{"line":195,"column":32}},"loc":{"start":{"line":195,"column":87},"end":{"line":202,"column":1}},"line":195},"20":{"name":"(anonymous_20)","decl":{"start":{"line":195,"column":87},"end":{"line":195,"column":88}},"loc":{"start":{"line":195,"column":105},"end":{"line":202,"column":1}},"line":195},"21":{"name":"(anonymous_21)","decl":{"start":{"line":204,"column":32},"end":{"line":204,"column":33}},"loc":{"start":{"line":204,"column":48},"end":{"line":206,"column":1}},"line":204},"22":{"name":"(anonymous_22)","decl":{"start":{"line":204,"column":48},"end":{"line":204,"column":49}},"loc":{"start":{"line":204,"column":66},"end":{"line":206,"column":1}},"line":204},"23":{"name":"(anonymous_23)","decl":{"start":{"line":208,"column":33},"end":{"line":208,"column":34}},"loc":{"start":{"line":208,"column":62},"end":{"line":210,"column":1}},"line":208},"24":{"name":"(anonymous_24)","decl":{"start":{"line":208,"column":62},"end":{"line":208,"column":63}},"loc":{"start":{"line":208,"column":80},"end":{"line":210,"column":1}},"line":208},"25":{"name":"(anonymous_25)","decl":{"start":{"line":212,"column":31},"end":{"line":212,"column":32}},"loc":{"start":{"line":212,"column":60},"end":{"line":214,"column":1}},"line":212},"26":{"name":"(anonymous_26)","decl":{"start":{"line":212,"column":60},"end":{"line":212,"column":61}},"loc":{"start":{"line":212,"column":78},"end":{"line":214,"column":1}},"line":212},"27":{"name":"(anonymous_27)","decl":{"start":{"line":216,"column":26},"end":{"line":216,"column":27}},"loc":{"start":{"line":216,"column":64},"end":{"line":218,"column":1}},"line":216},"28":{"name":"(anonymous_28)","decl":{"start":{"line":216,"column":64},"end":{"line":216,"column":65}},"loc":{"start":{"line":216,"column":82},"end":{"line":218,"column":1}},"line":216},"29":{"name":"(anonymous_29)","decl":{"start":{"line":220,"column":24},"end":{"line":220,"column":25}},"loc":{"start":{"line":220,"column":58},"end":{"line":222,"column":1}},"line":220},"30":{"name":"(anonymous_30)","decl":{"start":{"line":220,"column":58},"end":{"line":220,"column":59}},"loc":{"start":{"line":220,"column":76},"end":{"line":222,"column":1}},"line":220},"31":{"name":"(anonymous_31)","decl":{"start":{"line":224,"column":30},"end":{"line":224,"column":31}},"loc":{"start":{"line":230,"column":16},"end":{"line":237,"column":1}},"line":230},"32":{"name":"(anonymous_32)","decl":{"start":{"line":230,"column":16},"end":{"line":230,"column":17}},"loc":{"start":{"line":230,"column":34},"end":{"line":237,"column":1}},"line":230},"33":{"name":"(anonymous_33)","decl":{"start":{"line":239,"column":28},"end":{"line":239,"column":29}},"loc":{"start":{"line":239,"column":90},"end":{"line":247,"column":1}},"line":239},"34":{"name":"(anonymous_34)","decl":{"start":{"line":239,"column":90},"end":{"line":239,"column":91}},"loc":{"start":{"line":239,"column":108},"end":{"line":247,"column":1}},"line":239},"35":{"name":"getCurrenciesFromStorage","decl":{"start":{"line":249,"column":9},"end":{"line":249,"column":33}},"loc":{"start":{"line":249,"column":41},"end":{"line":254,"column":1}},"line":249}},"branchMap":{"0":{"loc":{"start":{"line":41,"column":6},"end":{"line":41,"column":47}},"type":"if","locations":[{"start":{"line":41,"column":6},"end":{"line":41,"column":47}},{"start":{"line":41,"column":6},"end":{"line":41,"column":47}}],"line":41},"1":{"loc":{"start":{"line":41,"column":10},"end":{"line":41,"column":38}},"type":"binary-expr","locations":[{"start":{"line":41,"column":10},"end":{"line":41,"column":23}},{"start":{"line":41,"column":27},"end":{"line":41,"column":38}}],"line":41},"2":{"loc":{"start":{"line":62,"column":6},"end":{"line":62,"column":36}},"type":"if","locations":[{"start":{"line":62,"column":6},"end":{"line":62,"column":36}},{"start":{"line":62,"column":6},"end":{"line":62,"column":36}}],"line":62},"3":{"loc":{"start":{"line":71,"column":6},"end":{"line":71,"column":36}},"type":"if","locations":[{"start":{"line":71,"column":6},"end":{"line":71,"column":36}},{"start":{"line":71,"column":6},"end":{"line":71,"column":36}}],"line":71},"4":{"loc":{"start":{"line":77,"column":6},"end":{"line":77,"column":58}},"type":"if","locations":[{"start":{"line":77,"column":6},"end":{"line":77,"column":58}},{"start":{"line":77,"column":6},"end":{"line":77,"column":58}}],"line":77},"5":{"loc":{"start":{"line":77,"column":10},"end":{"line":77,"column":49}},"type":"binary-expr","locations":[{"start":{"line":77,"column":10},"end":{"line":77,"column":27}},{"start":{"line":77,"column":31},"end":{"line":77,"column":49}}],"line":77},"6":{"loc":{"start":{"line":83,"column":6},"end":{"line":83,"column":114}},"type":"if","locations":[{"start":{"line":83,"column":6},"end":{"line":83,"column":114}},{"start":{"line":83,"column":6},"end":{"line":83,"column":114}}],"line":83},"7":{"loc":{"start":{"line":83,"column":10},"end":{"line":83,"column":105}},"type":"binary-expr","locations":[{"start":{"line":83,"column":10},"end":{"line":83,"column":29}},{"start":{"line":83,"column":33},"end":{"line":83,"column":50}},{"start":{"line":83,"column":54},"end":{"line":83,"column":72}},{"start":{"line":83,"column":76},"end":{"line":83,"column":105}}],"line":83},"8":{"loc":{"start":{"line":92,"column":6},"end":{"line":92,"column":114}},"type":"if","locations":[{"start":{"line":92,"column":6},"end":{"line":92,"column":114}},{"start":{"line":92,"column":6},"end":{"line":92,"column":114}}],"line":92},"9":{"loc":{"start":{"line":92,"column":10},"end":{"line":92,"column":105}},"type":"binary-expr","locations":[{"start":{"line":92,"column":10},"end":{"line":92,"column":27}},{"start":{"line":92,"column":31},"end":{"line":92,"column":50}},{"start":{"line":92,"column":54},"end":{"line":92,"column":72}},{"start":{"line":92,"column":76},"end":{"line":92,"column":105}}],"line":92},"10":{"loc":{"start":{"line":102,"column":6},"end":{"line":102,"column":59}},"type":"if","locations":[{"start":{"line":102,"column":6},"end":{"line":102,"column":59}},{"start":{"line":102,"column":6},"end":{"line":102,"column":59}}],"line":102},"11":{"loc":{"start":{"line":102,"column":10},"end":{"line":102,"column":50}},"type":"binary-expr","locations":[{"start":{"line":102,"column":10},"end":{"line":102,"column":29}},{"start":{"line":102,"column":33},"end":{"line":102,"column":50}}],"line":102},"12":{"loc":{"start":{"line":113,"column":6},"end":{"line":113,"column":36}},"type":"if","locations":[{"start":{"line":113,"column":6},"end":{"line":113,"column":36}},{"start":{"line":113,"column":6},"end":{"line":113,"column":36}}],"line":113},"13":{"loc":{"start":{"line":127,"column":6},"end":{"line":127,"column":35}},"type":"if","locations":[{"start":{"line":127,"column":6},"end":{"line":127,"column":35}},{"start":{"line":127,"column":6},"end":{"line":127,"column":35}}],"line":127},"14":{"loc":{"start":{"line":171,"column":20},"end":{"line":171,"column":61}},"type":"cond-expr","locations":[{"start":{"line":171,"column":35},"end":{"line":171,"column":47}},{"start":{"line":171,"column":50},"end":{"line":171,"column":61}}],"line":171},"15":{"loc":{"start":{"line":172,"column":18},"end":{"line":172,"column":53}},"type":"cond-expr","locations":[{"start":{"line":172,"column":31},"end":{"line":172,"column":41}},{"start":{"line":172,"column":44},"end":{"line":172,"column":53}}],"line":172},"16":{"loc":{"start":{"line":175,"column":20},"end":{"line":175,"column":61}},"type":"cond-expr","locations":[{"start":{"line":175,"column":35},"end":{"line":175,"column":47}},{"start":{"line":175,"column":50},"end":{"line":175,"column":61}}],"line":175},"17":{"loc":{"start":{"line":176,"column":18},"end":{"line":176,"column":53}},"type":"cond-expr","locations":[{"start":{"line":176,"column":31},"end":{"line":176,"column":41}},{"start":{"line":176,"column":44},"end":{"line":176,"column":53}}],"line":176},"18":{"loc":{"start":{"line":178,"column":37},"end":{"line":178,"column":78}},"type":"cond-expr","locations":[{"start":{"line":178,"column":52},"end":{"line":178,"column":64}},{"start":{"line":178,"column":67},"end":{"line":178,"column":78}}],"line":178},"19":{"loc":{"start":{"line":179,"column":35},"end":{"line":179,"column":70}},"type":"cond-expr","locations":[{"start":{"line":179,"column":48},"end":{"line":179,"column":58}},{"start":{"line":179,"column":61},"end":{"line":179,"column":70}}],"line":179},"20":{"loc":{"start":{"line":251,"column":2},"end":{"line":251,"column":61}},"type":"if","locations":[{"start":{"line":251,"column":2},"end":{"line":251,"column":61}},{"start":{"line":251,"column":2},"end":{"line":251,"column":61}}],"line":251}},"s":{"0":1,"1":1,"2":0,"3":0,"4":0,"5":0,"6":0,"7":0,"8":0,"9":0,"10":0,"11":0,"12":0,"13":0,"14":5,"15":5,"16":0,"17":0,"18":0,"19":0,"20":0,"21":0,"22":0,"23":0,"24":0,"25":0,"26":0,"27":10,"28":0,"29":10,"30":10,"31":0,"32":0,"33":0,"34":0,"35":0,"36":0,"37":0,"38":0,"39":0,"40":0,"41":0,"42":0,"43":0,"44":0,"45":0,"46":0,"47":0,"48":0,"49":0,"50":0,"51":0,"52":0,"53":0,"54":0,"55":0,"56":0,"57":0,"58":0,"59":0,"60":0,"61":0,"62":0,"63":0,"64":0,"65":0,"66":0,"67":0,"68":0,"69":0,"70":0,"71":0,"72":0,"73":0,"74":1,"75":1,"76":11,"77":11,"78":11,"79":11,"80":11,"81":11,"82":0,"83":0,"84":0,"85":0,"86":0,"87":5,"88":1,"89":0,"90":0,"91":0,"92":0,"93":0,"94":1,"95":0,"96":0,"97":0,"98":0,"99":0,"100":1,"101":10,"102":10,"103":1,"104":0,"105":0,"106":1,"107":0,"108":0,"109":1,"110":0,"111":0,"112":1,"113":0,"114":0,"115":1,"116":0,"117":0,"118":0,"119":0,"120":0,"121":1,"122":0,"123":0,"124":0,"125":0,"126":0,"127":0,"128":11,"129":11,"130":1,"131":10,"132":10},"f":{"0":0,"1":5,"2":0,"3":0,"4":0,"5":0,"6":10,"7":0,"8":0,"9":0,"10":0,"11":0,"12":0,"13":0,"14":0,"15":11,"16":11,"17":0,"18":0,"19":0,"20":0,"21":10,"22":10,"23":0,"24":0,"25":0,"26":0,"27":0,"28":0,"29":0,"30":0,"31":0,"32":0,"33":0,"34":0,"35":11},"b":{"0":[0,0],"1":[0,0],"2":[0,0],"3":[0,0],"4":[0,10],"5":[10,10],"6":[0,0],"7":[0,0,0,0],"8":[0,0],"9":[0,0,0,0],"10":[0,0],"11":[0,0],"12":[0,0],"13":[0,0],"14":[0,0],"15":[0,0],"16":[0,0],"17":[0,0],"18":[0,0],"19":[0,0],"20":[1,10]},"_coverageSchema":"43e27e138ebf9cfc5966b082cf9a028302ed4184","hash":"ca5ccff8d9c848b9e5278d1176b3cbb97e462257"}
,"/Users/karolis/imkarolis/currency-exchanger-app/src/app/store.ts": {"path":"/Users/karolis/imkarolis/currency-exchanger-app/src/app/store.ts","statementMap":{"0":{"start":{"line":5,"column":27},"end":{"line":7,"column":2}},"1":{"start":{"line":9,"column":14},"end":{"line":11,"column":2}}},"fnMap":{},"branchMap":{},"s":{"0":1,"1":1},"f":{},"b":{},"_coverageSchema":"43e27e138ebf9cfc5966b082cf9a028302ed4184","hash":"6d51be9aa855a1effcecd2b1f82c2bdd80742b6b"}
,"/Users/karolis/imkarolis/currency-exchanger-app/src/app/types.ts": {"path":"/Users/karolis/imkarolis/currency-exchanger-app/src/app/types.ts","statementMap":{},"fnMap":{},"branchMap":{},"s":{},"f":{},"b":{},"hash":"8ce8990581ebfa2a956cd4cb3d6773a18a526821"}
,"/Users/karolis/imkarolis/currency-exchanger-app/src/app/features/index.ts": {"path":"/Users/karolis/imkarolis/currency-exchanger-app/src/app/features/index.ts","statementMap":{},"fnMap":{},"branchMap":{},"s":{},"f":{},"b":{},"hash":"53f9e9fce32fc35f4504af4cefa129724446cd8a"}
,"/Users/karolis/imkarolis/currency-exchanger-app/src/app/features/convert/index.ts": {"path":"/Users/karolis/imkarolis/currency-exchanger-app/src/app/features/convert/index.ts","statementMap":{},"fnMap":{},"branchMap":{},"s":{},"f":{},"b":{},"hash":"5dac273ac86a2e64fc7411d23195f82a9a0d7d73"}
,"/Users/karolis/imkarolis/currency-exchanger-app/src/components/ButtonContinue.tsx": {"path":"/Users/karolis/imkarolis/currency-exchanger-app/src/components/ButtonContinue.tsx","statementMap":{"0":{"start":{"line":12,"column":92},"end":{"line":14,"column":3}},"1":{"start":{"line":13,"column":26},"end":{"line":13,"column":35}},"2":{"start":{"line":15,"column":19},"end":{"line":15,"column":32}},"3":{"start":{"line":17,"column":23},"end":{"line":22,"column":3}},"4":{"start":{"line":18,"column":4},"end":{"line":18,"column":45}},"5":{"start":{"line":18,"column":38},"end":{"line":18,"column":45}},"6":{"start":{"line":19,"column":17},"end":{"line":19,"column":65}},"7":{"start":{"line":20,"column":15},"end":{"line":20,"column":59}},"8":{"start":{"line":21,"column":4},"end":{"line":21,"column":65}},"9":{"start":{"line":24,"column":2},"end":{"line":42,"column":4}}},"fnMap":{"0":{"name":"ButtonContinue","decl":{"start":{"line":11,"column":16},"end":{"line":11,"column":30}},"loc":{"start":{"line":11,"column":83},"end":{"line":43,"column":1}},"line":11},"1":{"name":"(anonymous_1)","decl":{"start":{"line":13,"column":4},"end":{"line":13,"column":5}},"loc":{"start":{"line":13,"column":26},"end":{"line":13,"column":35}},"line":13},"2":{"name":"(anonymous_2)","decl":{"start":{"line":17,"column":23},"end":{"line":17,"column":24}},"loc":{"start":{"line":17,"column":35},"end":{"line":22,"column":3}},"line":17}},"branchMap":{"0":{"loc":{"start":{"line":18,"column":4},"end":{"line":18,"column":45}},"type":"if","locations":[{"start":{"line":18,"column":4},"end":{"line":18,"column":45}},{"start":{"line":18,"column":4},"end":{"line":18,"column":45}}],"line":18},"1":{"loc":{"start":{"line":18,"column":8},"end":{"line":18,"column":36}},"type":"binary-expr","locations":[{"start":{"line":18,"column":8},"end":{"line":18,"column":21}},{"start":{"line":18,"column":25},"end":{"line":18,"column":36}}],"line":18}},"s":{"0":20,"1":60,"2":20,"3":20,"4":0,"5":0,"6":0,"7":0,"8":0,"9":20},"f":{"0":20,"1":60,"2":0},"b":{"0":[0,0],"1":[0,0]},"_coverageSchema":"43e27e138ebf9cfc5966b082cf9a028302ed4184","hash":"7a67d465a9a39d1502280509eabcfd55537511ae"}
,"/Users/karolis/imkarolis/currency-exchanger-app/src/components/IconSwapInputs.tsx": {"path":"/Users/karolis/imkarolis/currency-exchanger-app/src/components/IconSwapInputs.tsx","statementMap":{"0":{"start":{"line":11,"column":37},"end":{"line":11,"column":81}},"1":{"start":{"line":11,"column":71},"end":{"line":11,"column":80}},"2":{"start":{"line":12,"column":19},"end":{"line":12,"column":32}},"3":{"start":{"line":14,"column":21},"end":{"line":17,"column":9}},"4":{"start":{"line":15,"column":4},"end":{"line":15,"column":45}},"5":{"start":{"line":15,"column":38},"end":{"line":15,"column":45}},"6":{"start":{"line":16,"column":4},"end":{"line":16,"column":93}},"7":{"start":{"line":19,"column":2},"end":{"line":37,"column":4}},"8":{"start":{"line":41,"column":2},"end":{"line":49,"column":4}}},"fnMap":{"0":{"name":"IconSwapInputs","decl":{"start":{"line":10,"column":16},"end":{"line":10,"column":30}},"loc":{"start":{"line":10,"column":46},"end":{"line":38,"column":1}},"line":10},"1":{"name":"(anonymous_1)","decl":{"start":{"line":11,"column":49},"end":{"line":11,"column":50}},"loc":{"start":{"line":11,"column":71},"end":{"line":11,"column":80}},"line":11},"2":{"name":"(anonymous_2)","decl":{"start":{"line":14,"column":30},"end":{"line":14,"column":31}},"loc":{"start":{"line":14,"column":36},"end":{"line":17,"column":3}},"line":14},"3":{"name":"Rotate","decl":{"start":{"line":40,"column":9},"end":{"line":40,"column":15}},"loc":{"start":{"line":40,"column":28},"end":{"line":50,"column":1}},"line":40}},"branchMap":{"0":{"loc":{"start":{"line":15,"column":4},"end":{"line":15,"column":45}},"type":"if","locations":[{"start":{"line":15,"column":4},"end":{"line":15,"column":45}},{"start":{"line":15,"column":4},"end":{"line":15,"column":45}}],"line":15},"1":{"loc":{"start":{"line":15,"column":8},"end":{"line":15,"column":36}},"type":"binary-expr","locations":[{"start":{"line":15,"column":8},"end":{"line":15,"column":21}},{"start":{"line":15,"column":25},"end":{"line":15,"column":36}}],"line":15},"2":{"loc":{"start":{"line":21,"column":19},"end":{"line":21,"column":52}},"type":"binary-expr","locations":[{"start":{"line":21,"column":19},"end":{"line":21,"column":31}},{"start":{"line":21,"column":35},"end":{"line":21,"column":52}}],"line":21}},"s":{"0":10,"1":30,"2":10,"3":10,"4":0,"5":0,"6":0,"7":10,"8":10},"f":{"0":10,"1":30,"2":0,"3":10},"b":{"0":[0,0],"1":[0,0],"2":[10,10]},"_coverageSchema":"43e27e138ebf9cfc5966b082cf9a028302ed4184","hash":"9afea9ecc936d1606b66a4e910e7ca880d533c8b"}
,"/Users/karolis/imkarolis/currency-exchanger-app/src/components/index.ts": {"path":"/Users/karolis/imkarolis/currency-exchanger-app/src/components/index.ts","statementMap":{},"fnMap":{},"branchMap":{},"s":{},"f":{},"b":{},"_coverageSchema":"43e27e138ebf9cfc5966b082cf9a028302ed4184","hash":"291dedd89bef50028ff9e21742a58f9396d0edb3"}
,"/Users/karolis/imkarolis/currency-exchanger-app/src/components/CurrencyMetadata/TodaysChnage.tsx": {"path":"/Users/karolis/imkarolis/currency-exchanger-app/src/components/CurrencyMetadata/TodaysChnage.tsx","statementMap":{"0":{"start":{"line":10,"column":25},"end":{"line":10,"column":98}},"1":{"start":{"line":11,"column":18},"end":{"line":11,"column":70}},"2":{"start":{"line":13,"column":15},"end":{"line":13,"column":32}},"3":{"start":{"line":15,"column":2},"end":{"line":20,"column":4}}},"fnMap":{"0":{"name":"TodaysChange","decl":{"start":{"line":9,"column":16},"end":{"line":9,"column":28}},"loc":{"start":{"line":9,"column":75},"end":{"line":21,"column":1}},"line":9}},"branchMap":{"0":{"loc":{"start":{"line":16,"column":59},"end":{"line":16,"column":96}},"type":"cond-expr","locations":[{"start":{"line":16,"column":73},"end":{"line":16,"column":82}},{"start":{"line":16,"column":85},"end":{"line":16,"column":96}}],"line":16},"1":{"loc":{"start":{"line":17,"column":52},"end":{"line":17,"column":89}},"type":"cond-expr","locations":[{"start":{"line":17,"column":66},"end":{"line":17,"column":76}},{"start":{"line":17,"column":79},"end":{"line":17,"column":89}}],"line":17}},"s":{"0":10,"1":10,"2":10,"3":10},"f":{"0":10},"b":{"0":[0,10],"1":[0,10]},"_coverageSchema":"43e27e138ebf9cfc5966b082cf9a028302ed4184","hash":"acde6d9b4e71476b6043faa7a03b75fe83d9eeb9"}
,"/Users/karolis/imkarolis/currency-exchanger-app/src/components/CurrencyMetadata/index.tsx": {"path":"/Users/karolis/imkarolis/currency-exchanger-app/src/components/CurrencyMetadata/index.tsx","statementMap":{"0":{"start":{"line":8,"column":41},"end":{"line":8,"column":85}},"1":{"start":{"line":8,"column":75},"end":{"line":8,"column":84}},"2":{"start":{"line":9,"column":2},"end":{"line":26,"column":4}}},"fnMap":{"0":{"name":"CurrencyMetadata","decl":{"start":{"line":7,"column":16},"end":{"line":7,"column":32}},"loc":{"start":{"line":7,"column":83},"end":{"line":27,"column":1}},"line":7},"1":{"name":"(anonymous_1)","decl":{"start":{"line":8,"column":53},"end":{"line":8,"column":54}},"loc":{"start":{"line":8,"column":75},"end":{"line":8,"column":84}},"line":8}},"branchMap":{"0":{"loc":{"start":{"line":8,"column":22},"end":{"line":8,"column":37}},"type":"default-arg","locations":[{"start":{"line":8,"column":35},"end":{"line":8,"column":37}}],"line":8},"1":{"loc":{"start":{"line":16,"column":11},"end":{"line":16,"column":39}},"type":"binary-expr","locations":[{"start":{"line":16,"column":11},"end":{"line":16,"column":24}},{"start":{"line":16,"column":28},"end":{"line":16,"column":39}}],"line":16},"2":{"loc":{"start":{"line":23,"column":9},"end":{"line":23,"column":74}},"type":"binary-expr","locations":[{"start":{"line":23,"column":9},"end":{"line":23,"column":30}},{"start":{"line":23,"column":34},"end":{"line":23,"column":74}}],"line":23}},"s":{"0":10,"1":30,"2":10},"f":{"0":10,"1":30},"b":{"0":[0],"1":[10,10],"2":[10,10]},"_coverageSchema":"43e27e138ebf9cfc5966b082cf9a028302ed4184","hash":"9c8be87b99614d55296ac1985a76a5bd78e6494d"}
,"/Users/karolis/imkarolis/currency-exchanger-app/src/components/Dropdown/CurrencyItem.tsx": {"path":"/Users/karolis/imkarolis/currency-exchanger-app/src/components/Dropdown/CurrencyItem.tsx","statementMap":{"0":{"start":{"line":14,"column":2},"end":{"line":43,"column":4}},"1":{"start":{"line":23,"column":29},"end":{"line":23,"column":47}},"2":{"start":{"line":24,"column":29},"end":{"line":24,"column":52}}},"fnMap":{"0":{"name":"CurrencyItem","decl":{"start":{"line":13,"column":24},"end":{"line":13,"column":36}},"loc":{"start":{"line":13,"column":110},"end":{"line":44,"column":1}},"line":13},"1":{"name":"(anonymous_1)","decl":{"start":{"line":23,"column":17},"end":{"line":23,"column":18}},"loc":{"start":{"line":23,"column":29},"end":{"line":23,"column":47}},"line":23},"2":{"name":"(anonymous_2)","decl":{"start":{"line":24,"column":17},"end":{"line":24,"column":18}},"loc":{"start":{"line":24,"column":29},"end":{"line":24,"column":52}},"line":24}},"branchMap":{"0":{"loc":{"start":{"line":37,"column":15},"end":{"line":37,"column":70}},"type":"binary-expr","locations":[{"start":{"line":37,"column":15},"end":{"line":37,"column":27}},{"start":{"line":37,"column":31},"end":{"line":37,"column":70}}],"line":37}},"s":{"0":0,"1":0,"2":0},"f":{"0":0,"1":0,"2":0},"b":{"0":[0,0]},"_coverageSchema":"43e27e138ebf9cfc5966b082cf9a028302ed4184","hash":"ad9604cd27e0ed8dcaf85e0f5b40819a32947068"}
,"/Users/karolis/imkarolis/currency-exchanger-app/src/components/Dropdown/SearchCurrencyInput.tsx": {"path":"/Users/karolis/imkarolis/currency-exchanger-app/src/components/Dropdown/SearchCurrencyInput.tsx","statementMap":{"0":{"start":{"line":18,"column":2},"end":{"line":35,"column":4}}},"fnMap":{"0":{"name":"SearchCurrencyInput","decl":{"start":{"line":6,"column":24},"end":{"line":6,"column":43}},"loc":{"start":{"line":10,"column":16},"end":{"line":36,"column":1}},"line":10}},"branchMap":{},"s":{"0":0},"f":{"0":0},"b":{},"_coverageSchema":"43e27e138ebf9cfc5966b082cf9a028302ed4184","hash":"2029a8c89e2b9a3e87b32b5aafe26c87ec4add4c"}
,"/Users/karolis/imkarolis/currency-exchanger-app/src/components/Dropdown/index.tsx": {"path":"/Users/karolis/imkarolis/currency-exchanger-app/src/components/Dropdown/index.tsx","statementMap":{"0":{"start":{"line":23,"column":78},"end":{"line":23,"column":83}},"1":{"start":{"line":24,"column":19},"end":{"line":24,"column":32}},"2":{"start":{"line":25,"column":26},"end":{"line":25,"column":56}},"3":{"start":{"line":26,"column":34},"end":{"line":26,"column":72}},"4":{"start":{"line":27,"column":14},"end":{"line":27,"column":28}},"5":{"start":{"line":28,"column":2},"end":{"line":28,"column":47}},"6":{"start":{"line":28,"column":31},"end":{"line":28,"column":45}},"7":{"start":{"line":29,"column":21},"end":{"line":29,"column":47}},"8":{"start":{"line":29,"column":33},"end":{"line":29,"column":47}},"9":{"start":{"line":31,"column":28},"end":{"line":33,"column":3}},"10":{"start":{"line":32,"column":4},"end":{"line":32,"column":35}},"11":{"start":{"line":35,"column":23},"end":{"line":38,"column":3}},"12":{"start":{"line":36,"column":4},"end":{"line":36,"column":19}},"13":{"start":{"line":37,"column":4},"end":{"line":37,"column":28}},"14":{"start":{"line":40,"column":23},"end":{"line":47,"column":3}},"15":{"start":{"line":41,"column":4},"end":{"line":46,"column":5}},"16":{"start":{"line":42,"column":23},"end":{"line":42,"column":58}},"17":{"start":{"line":43,"column":6},"end":{"line":43,"column":28}},"18":{"start":{"line":45,"column":6},"end":{"line":45,"column":30}},"19":{"start":{"line":49,"column":27},"end":{"line":49,"column":83}},"20":{"start":{"line":51,"column":2},"end":{"line":105,"column":4}},"21":{"start":{"line":91,"column":14},"end":{"line":98,"column":16}}},"fnMap":{"0":{"name":"Dropdown","decl":{"start":{"line":22,"column":16},"end":{"line":22,"column":24}},"loc":{"start":{"line":22,"column":60},"end":{"line":106,"column":1}},"line":22},"1":{"name":"(anonymous_1)","decl":{"start":{"line":28,"column":25},"end":{"line":28,"column":26}},"loc":{"start":{"line":28,"column":31},"end":{"line":28,"column":45}},"line":28},"2":{"name":"(anonymous_2)","decl":{"start":{"line":29,"column":21},"end":{"line":29,"column":22}},"loc":{"start":{"line":29,"column":33},"end":{"line":29,"column":47}},"line":29},"3":{"name":"(anonymous_3)","decl":{"start":{"line":31,"column":28},"end":{"line":31,"column":29}},"loc":{"start":{"line":31,"column":54},"end":{"line":33,"column":3}},"line":31},"4":{"name":"(anonymous_4)","decl":{"start":{"line":35,"column":23},"end":{"line":35,"column":24}},"loc":{"start":{"line":35,"column":49},"end":{"line":38,"column":3}},"line":35},"5":{"name":"(anonymous_5)","decl":{"start":{"line":40,"column":23},"end":{"line":40,"column":24}},"loc":{"start":{"line":40,"column":47},"end":{"line":47,"column":3}},"line":40},"6":{"name":"(anonymous_6)","decl":{"start":{"line":89,"column":26},"end":{"line":89,"column":27}},"loc":{"start":{"line":89,"column":46},"end":{"line":100,"column":13}},"line":89}},"branchMap":{"0":{"loc":{"start":{"line":41,"column":4},"end":{"line":46,"column":5}},"type":"if","locations":[{"start":{"line":41,"column":4},"end":{"line":46,"column":5}},{"start":{"line":41,"column":4},"end":{"line":46,"column":5}}],"line":41},"1":{"loc":{"start":{"line":49,"column":27},"end":{"line":49,"column":83}},"type":"cond-expr","locations":[{"start":{"line":49,"column":59},"end":{"line":49,"column":69}},{"start":{"line":49,"column":72},"end":{"line":49,"column":83}}],"line":49},"2":{"loc":{"start":{"line":66,"column":30},"end":{"line":66,"column":64}},"type":"cond-expr","locations":[{"start":{"line":66,"column":37},"end":{"line":66,"column":48}},{"start":{"line":66,"column":51},"end":{"line":66,"column":64}}],"line":66},"3":{"loc":{"start":{"line":71,"column":9},"end":{"line":102,"column":9}},"type":"binary-expr","locations":[{"start":{"line":71,"column":9},"end":{"line":71,"column":13}},{"start":{"line":72,"column":10},"end":{"line":101,"column":16}}],"line":71}},"s":{"0":20,"1":20,"2":20,"3":20,"4":20,"5":20,"6":0,"7":20,"8":0,"9":20,"10":0,"11":20,"12":0,"13":0,"14":20,"15":0,"16":0,"17":0,"18":0,"19":20,"20":20,"21":0},"f":{"0":20,"1":0,"2":0,"3":0,"4":0,"5":0,"6":0},"b":{"0":[0,0],"1":[0,20],"2":[0,20],"3":[20,0]},"_coverageSchema":"43e27e138ebf9cfc5966b082cf9a028302ed4184","hash":"79fab9a371b43dcc52ab24af83ee628ff224245c"}
,"/Users/karolis/imkarolis/currency-exchanger-app/src/components/InputAmount/index.tsx": {"path":"/Users/karolis/imkarolis/currency-exchanger-app/src/components/InputAmount/index.tsx","statementMap":{"0":{"start":{"line":16,"column":67},"end":{"line":16,"column":72}},"1":{"start":{"line":17,"column":19},"end":{"line":17,"column":32}},"2":{"start":{"line":19,"column":28},"end":{"line":21,"column":3}},"3":{"start":{"line":20,"column":4},"end":{"line":20,"column":43}},"4":{"start":{"line":23,"column":2},"end":{"line":52,"column":4}}},"fnMap":{"0":{"name":"InputAmount","decl":{"start":{"line":15,"column":16},"end":{"line":15,"column":27}},"loc":{"start":{"line":15,"column":66},"end":{"line":53,"column":1}},"line":15},"1":{"name":"(anonymous_1)","decl":{"start":{"line":19,"column":28},"end":{"line":19,"column":29}},"loc":{"start":{"line":19,"column":78},"end":{"line":21,"column":3}},"line":19}},"branchMap":{"0":{"loc":{"start":{"line":27,"column":11},"end":{"line":27,"column":59}},"type":"binary-expr","locations":[{"start":{"line":27,"column":11},"end":{"line":27,"column":19}},{"start":{"line":27,"column":23},"end":{"line":27,"column":59}}],"line":27},"1":{"loc":{"start":{"line":31,"column":21},"end":{"line":31,"column":58}},"type":"cond-expr","locations":[{"start":{"line":31,"column":33},"end":{"line":31,"column":45}},{"start":{"line":31,"column":48},"end":{"line":31,"column":58}}],"line":31},"2":{"loc":{"start":{"line":34,"column":15},"end":{"line":34,"column":43}},"type":"cond-expr","locations":[{"start":{"line":34,"column":28},"end":{"line":34,"column":38}},{"start":{"line":34,"column":41},"end":{"line":34,"column":43}}],"line":34}},"s":{"0":20,"1":20,"2":20,"3":0,"4":20},"f":{"0":20,"1":0},"b":{"0":[20,20],"1":[10,10],"2":[0,20]},"_coverageSchema":"43e27e138ebf9cfc5966b082cf9a028302ed4184","hash":"85065ef74f444986cc6941af147f305651470efe"}
,"/Users/karolis/imkarolis/currency-exchanger-app/src/utils/helpers.ts": {"path":"/Users/karolis/imkarolis/currency-exchanger-app/src/utils/helpers.ts","statementMap":{"0":{"start":{"line":6,"column":2},"end":{"line":6,"column":113}},"1":{"start":{"line":15,"column":16},"end":{"line":15,"column":31}},"2":{"start":{"line":16,"column":22},"end":{"line":16,"column":64}},"3":{"start":{"line":17,"column":15},"end":{"line":17,"column":38}},"4":{"start":{"line":18,"column":2},"end":{"line":18,"column":14}},"5":{"start":{"line":22,"column":17},"end":{"line":24,"column":4}},"6":{"start":{"line":23,"column":4},"end":{"line":23,"column":56}},"7":{"start":{"line":26,"column":17},"end":{"line":28,"column":4}},"8":{"start":{"line":27,"column":4},"end":{"line":27,"column":21}},"9":{"start":{"line":29,"column":2},"end":{"line":29,"column":16}},"10":{"start":{"line":33,"column":2},"end":{"line":33,"column":42}},"11":{"start":{"line":37,"column":14},"end":{"line":37,"column":40}},"12":{"start":{"line":38,"column":2},"end":{"line":38,"column":45}},"13":{"start":{"line":42,"column":2},"end":{"line":42,"column":47}},"14":{"start":{"line":42,"column":30},"end":{"line":42,"column":45}},"15":{"start":{"line":46,"column":2},"end":{"line":46,"column":75}},"16":{"start":{"line":46,"column":32},"end":{"line":46,"column":73}},"17":{"start":{"line":50,"column":2},"end":{"line":50,"column":63}},"18":{"start":{"line":54,"column":15},"end":{"line":54,"column":43}},"19":{"start":{"line":55,"column":2},"end":{"line":55,"column":66}},"20":{"start":{"line":55,"column":35},"end":{"line":55,"column":64}},"21":{"start":{"line":55,"column":52},"end":{"line":55,"column":57}},"22":{"start":{"line":59,"column":22},"end":{"line":59,"column":28}},"23":{"start":{"line":60,"column":2},"end":{"line":62,"column":3}},"24":{"start":{"line":61,"column":4},"end":{"line":61,"column":52}},"25":{"start":{"line":63,"column":2},"end":{"line":63,"column":50}},"26":{"start":{"line":67,"column":22},"end":{"line":67,"column":28}},"27":{"start":{"line":68,"column":2},"end":{"line":70,"column":3}},"28":{"start":{"line":69,"column":4},"end":{"line":69,"column":51}},"29":{"start":{"line":71,"column":2},"end":{"line":71,"column":49}},"30":{"start":{"line":75,"column":19},"end":{"line":75,"column":94}},"31":{"start":{"line":76,"column":30},"end":{"line":76,"column":96}},"32":{"start":{"line":77,"column":21},"end":{"line":77,"column":32}},"33":{"start":{"line":78,"column":2},"end":{"line":78,"column":56}}},"fnMap":{"0":{"name":"numberBetween","decl":{"start":{"line":5,"column":9},"end":{"line":5,"column":22}},"loc":{"start":{"line":5,"column":74},"end":{"line":7,"column":1}},"line":5},"1":{"name":"getTimestamp","decl":{"start":{"line":14,"column":9},"end":{"line":14,"column":21}},"loc":{"start":{"line":14,"column":44},"end":{"line":19,"column":1}},"line":14},"2":{"name":"formatHistoryData","decl":{"start":{"line":21,"column":9},"end":{"line":21,"column":26}},"loc":{"start":{"line":21,"column":92},"end":{"line":30,"column":1}},"line":21},"3":{"name":"(anonymous_3)","decl":{"start":{"line":22,"column":48},"end":{"line":22,"column":49}},"loc":{"start":{"line":22,"column":66},"end":{"line":24,"column":3}},"line":22},"4":{"name":"(anonymous_4)","decl":{"start":{"line":26,"column":29},"end":{"line":26,"column":30}},"loc":{"start":{"line":26,"column":39},"end":{"line":28,"column":3}},"line":26},"5":{"name":"getEndAtDay","decl":{"start":{"line":32,"column":9},"end":{"line":32,"column":20}},"loc":{"start":{"line":32,"column":31},"end":{"line":34,"column":1}},"line":32},"6":{"name":"getStartAtDay","decl":{"start":{"line":36,"column":9},"end":{"line":36,"column":22}},"loc":{"start":{"line":36,"column":46},"end":{"line":39,"column":1}},"line":36},"7":{"name":"getSelected","decl":{"start":{"line":41,"column":9},"end":{"line":41,"column":20}},"loc":{"start":{"line":41,"column":59},"end":{"line":43,"column":1}},"line":41},"8":{"name":"(anonymous_8)","decl":{"start":{"line":42,"column":25},"end":{"line":42,"column":26}},"loc":{"start":{"line":42,"column":30},"end":{"line":42,"column":45}},"line":42},"9":{"name":"getFiltered","decl":{"start":{"line":45,"column":9},"end":{"line":45,"column":20}},"loc":{"start":{"line":45,"column":65},"end":{"line":47,"column":1}},"line":45},"10":{"name":"(anonymous_10)","decl":{"start":{"line":46,"column":27},"end":{"line":46,"column":28}},"loc":{"start":{"line":46,"column":32},"end":{"line":46,"column":73}},"line":46},"11":{"name":"getCanSubmit","decl":{"start":{"line":49,"column":9},"end":{"line":49,"column":21}},"loc":{"start":{"line":49,"column":108},"end":{"line":51,"column":1}},"line":49},"12":{"name":"waait","decl":{"start":{"line":53,"column":9},"end":{"line":53,"column":14}},"loc":{"start":{"line":53,"column":17},"end":{"line":56,"column":1}},"line":53},"13":{"name":"(anonymous_13)","decl":{"start":{"line":55,"column":21},"end":{"line":55,"column":22}},"loc":{"start":{"line":55,"column":35},"end":{"line":55,"column":64}},"line":55},"14":{"name":"(anonymous_14)","decl":{"start":{"line":55,"column":46},"end":{"line":55,"column":47}},"loc":{"start":{"line":55,"column":52},"end":{"line":55,"column":57}},"line":55},"15":{"name":"getPocketValue","decl":{"start":{"line":58,"column":9},"end":{"line":58,"column":23}},"loc":{"start":{"line":58,"column":85},"end":{"line":64,"column":1}},"line":58},"16":{"name":"getInputValue","decl":{"start":{"line":66,"column":9},"end":{"line":66,"column":22}},"loc":{"start":{"line":66,"column":83},"end":{"line":72,"column":1}},"line":66},"17":{"name":"isValidInput","decl":{"start":{"line":74,"column":9},"end":{"line":74,"column":21}},"loc":{"start":{"line":74,"column":37},"end":{"line":79,"column":1}},"line":74}},"branchMap":{"0":{"loc":{"start":{"line":5,"column":49},"end":{"line":5,"column":64}},"type":"default-arg","locations":[{"start":{"line":5,"column":61},"end":{"line":5,"column":64}}],"line":5},"1":{"loc":{"start":{"line":50,"column":9},"end":{"line":50,"column":62}},"type":"binary-expr","locations":[{"start":{"line":50,"column":9},"end":{"line":50,"column":42}},{"start":{"line":50,"column":46},"end":{"line":50,"column":62}}],"line":50},"2":{"loc":{"start":{"line":60,"column":2},"end":{"line":62,"column":3}},"type":"if","locations":[{"start":{"line":60,"column":2},"end":{"line":62,"column":3}},{"start":{"line":60,"column":2},"end":{"line":62,"column":3}}],"line":60},"3":{"loc":{"start":{"line":68,"column":2},"end":{"line":70,"column":3}},"type":"if","locations":[{"start":{"line":68,"column":2},"end":{"line":70,"column":3}},{"start":{"line":68,"column":2},"end":{"line":70,"column":3}}],"line":68},"4":{"loc":{"start":{"line":75,"column":19},"end":{"line":75,"column":94}},"type":"binary-expr","locations":[{"start":{"line":75,"column":19},"end":{"line":75,"column":44}},{"start":{"line":75,"column":48},"end":{"line":75,"column":74}},{"start":{"line":75,"column":78},"end":{"line":75,"column":94}}],"line":75},"5":{"loc":{"start":{"line":76,"column":30},"end":{"line":76,"column":96}},"type":"binary-expr","locations":[{"start":{"line":76,"column":30},"end":{"line":76,"column":61}},{"start":{"line":76,"column":65},"end":{"line":76,"column":96}}],"line":76},"6":{"loc":{"start":{"line":78,"column":9},"end":{"line":78,"column":55}},"type":"binary-expr","locations":[{"start":{"line":78,"column":9},"end":{"line":78,"column":29}},{"start":{"line":78,"column":33},"end":{"line":78,"column":41}},{"start":{"line":78,"column":45},"end":{"line":78,"column":55}}],"line":78}},"s":{"0":0,"1":6,"2":6,"3":6,"4":6,"5":2,"6":3,"7":2,"8":4,"9":2,"10":0,"11":0,"12":0,"13":1,"14":2,"15":0,"16":0,"17":2,"18":0,"19":0,"20":0,"21":0,"22":4,"23":4,"24":2,"25":2,"26":4,"27":4,"28":2,"29":2,"30":10,"31":10,"32":10,"33":10},"f":{"0":0,"1":6,"2":2,"3":3,"4":4,"5":0,"6":0,"7":1,"8":2,"9":0,"10":0,"11":2,"12":0,"13":0,"14":0,"15":4,"16":4,"17":10},"b":{"0":[0],"1":[2,1],"2":[2,2],"3":[2,2],"4":[10,5,5],"5":[10,8],"6":[10,8,2]},"_coverageSchema":"43e27e138ebf9cfc5966b082cf9a028302ed4184","hash":"ae71c4c47f4cb3e5008ee517e082b27c13e31f57"}
,"/Users/karolis/imkarolis/currency-exchanger-app/src/utils/testing-utils.tsx": {"path":"/Users/karolis/imkarolis/currency-exchanger-app/src/utils/testing-utils.tsx","statementMap":{"0":{"start":{"line":12,"column":19},"end":{"line":15,"column":1}},"1":{"start":{"line":16,"column":23},"end":{"line":33,"column":1}},"2":{"start":{"line":36,"column":16},"end":{"line":39,"column":4}},"3":{"start":{"line":40,"column":2},"end":{"line":47,"column":4}},"4":{"start":{"line":52,"column":4},"end":{"line":52,"column":53}},"5":{"start":{"line":54,"column":2},"end":{"line":54,"column":52}}},"fnMap":{"0":{"name":"AllProviders","decl":{"start":{"line":35,"column":9},"end":{"line":35,"column":21}},"loc":{"start":{"line":35,"column":63},"end":{"line":48,"column":1}},"line":35},"1":{"name":"customRender","decl":{"start":{"line":50,"column":9},"end":{"line":50,"column":21}},"loc":{"start":{"line":50,"column":62},"end":{"line":55,"column":1}},"line":50},"2":{"name":"Wrapper","decl":{"start":{"line":51,"column":11},"end":{"line":51,"column":18}},"loc":{"start":{"line":51,"column":31},"end":{"line":53,"column":3}},"line":51}},"branchMap":{"0":{"loc":{"start":{"line":35,"column":33},"end":{"line":35,"column":55}},"type":"default-arg","locations":[{"start":{"line":35,"column":41},"end":{"line":35,"column":55}}],"line":35},"1":{"loc":{"start":{"line":50,"column":31},"end":{"line":50,"column":60}},"type":"default-arg","locations":[{"start":{"line":50,"column":58},"end":{"line":50,"column":60}}],"line":50},"2":{"loc":{"start":{"line":50,"column":32},"end":{"line":50,"column":42}},"type":"default-arg","locations":[{"start":{"line":50,"column":40},"end":{"line":50,"column":42}}],"line":50}},"s":{"0":1,"1":1,"2":11,"3":11,"4":11,"5":11},"f":{"0":11,"1":11,"2":11},"b":{"0":[0],"1":[0],"2":[0]},"_coverageSchema":"43e27e138ebf9cfc5966b082cf9a028302ed4184","hash":"4e0115bdf8b94ff96ec71a28f87c2522768f5a24"}
,"/Users/karolis/imkarolis/currency-exchanger-app/src/utils/hooks/index.ts": {"path":"/Users/karolis/imkarolis/currency-exchanger-app/src/utils/hooks/index.ts","statementMap":{},"fnMap":{},"branchMap":{},"s":{},"f":{},"b":{},"_coverageSchema":"43e27e138ebf9cfc5966b082cf9a028302ed4184","hash":"2f32b43dbff515ce3b9cb835bcd2ff687de60771"}
,"/Users/karolis/imkarolis/currency-exchanger-app/src/utils/hooks/useLocalStorage.ts": {"path":"/Users/karolis/imkarolis/currency-exchanger-app/src/utils/hooks/useLocalStorage.ts","statementMap":{},"fnMap":{},"branchMap":{},"s":{},"f":{},"b":{},"hash":"317895bd4fd37f79eadcba96ea15c5a31dbf967c"}
,"/Users/karolis/imkarolis/currency-exchanger-app/src/utils/hooks/useNotification.ts": {"path":"/Users/karolis/imkarolis/currency-exchanger-app/src/utils/hooks/useNotification.ts","statementMap":{"0":{"start":{"line":7,"column":18},"end":{"line":7,"column":62}},"1":{"start":{"line":7,"column":52},"end":{"line":7,"column":61}},"2":{"start":{"line":9,"column":16},"end":{"line":9,"column":26}},"3":{"start":{"line":10,"column":2},"end":{"line":20,"column":14}},"4":{"start":{"line":11,"column":4},"end":{"line":11,"column":23}},"5":{"start":{"line":11,"column":16},"end":{"line":11,"column":23}},"6":{"start":{"line":12,"column":4},"end":{"line":19,"column":7}}},"fnMap":{"0":{"name":"useNotification","decl":{"start":{"line":6,"column":16},"end":{"line":6,"column":31}},"loc":{"start":{"line":6,"column":39},"end":{"line":21,"column":1}},"line":6},"1":{"name":"(anonymous_1)","decl":{"start":{"line":7,"column":30},"end":{"line":7,"column":31}},"loc":{"start":{"line":7,"column":52},"end":{"line":7,"column":61}},"line":7},"2":{"name":"(anonymous_2)","decl":{"start":{"line":10,"column":18},"end":{"line":10,"column":19}},"loc":{"start":{"line":10,"column":24},"end":{"line":20,"column":3}},"line":10}},"branchMap":{"0":{"loc":{"start":{"line":11,"column":4},"end":{"line":11,"column":23}},"type":"if","locations":[{"start":{"line":11,"column":4},"end":{"line":11,"column":23}},{"start":{"line":11,"column":4},"end":{"line":11,"column":23}}],"line":11}},"s":{"0":11,"1":32,"2":11,"3":11,"4":11,"5":11,"6":0},"f":{"0":11,"1":32,"2":11},"b":{"0":[11,0]},"_coverageSchema":"43e27e138ebf9cfc5966b082cf9a028302ed4184","hash":"aa9d0266bc79b8b80fde3327518962a8608bbf66"}
,"/Users/karolis/imkarolis/currency-exchanger-app/src/utils/hooks/useOnClickOutside.ts": {"path":"/Users/karolis/imkarolis/currency-exchanger-app/src/utils/hooks/useOnClickOutside.ts","statementMap":{"0":{"start":{"line":5,"column":2},"end":{"line":22,"column":21}},"1":{"start":{"line":6,"column":21},"end":{"line":13,"column":5}},"2":{"start":{"line":8,"column":6},"end":{"line":10,"column":7}},"3":{"start":{"line":9,"column":8},"end":{"line":9,"column":15}},"4":{"start":{"line":12,"column":6},"end":{"line":12,"column":21}},"5":{"start":{"line":15,"column":4},"end":{"line":15,"column":53}},"6":{"start":{"line":16,"column":4},"end":{"line":16,"column":54}},"7":{"start":{"line":18,"column":4},"end":{"line":21,"column":6}},"8":{"start":{"line":19,"column":6},"end":{"line":19,"column":58}},"9":{"start":{"line":20,"column":6},"end":{"line":20,"column":59}}},"fnMap":{"0":{"name":"useOnClickOutside","decl":{"start":{"line":4,"column":16},"end":{"line":4,"column":33}},"loc":{"start":{"line":4,"column":64},"end":{"line":23,"column":1}},"line":4},"1":{"name":"(anonymous_1)","decl":{"start":{"line":5,"column":18},"end":{"line":5,"column":19}},"loc":{"start":{"line":5,"column":24},"end":{"line":22,"column":3}},"line":5},"2":{"name":"(anonymous_2)","decl":{"start":{"line":6,"column":21},"end":{"line":6,"column":22}},"loc":{"start":{"line":6,"column":37},"end":{"line":13,"column":5}},"line":6},"3":{"name":"(anonymous_3)","decl":{"start":{"line":18,"column":11},"end":{"line":18,"column":12}},"loc":{"start":{"line":18,"column":17},"end":{"line":21,"column":5}},"line":18}},"branchMap":{"0":{"loc":{"start":{"line":8,"column":6},"end":{"line":10,"column":7}},"type":"if","locations":[{"start":{"line":8,"column":6},"end":{"line":10,"column":7}},{"start":{"line":8,"column":6},"end":{"line":10,"column":7}}],"line":8},"1":{"loc":{"start":{"line":8,"column":10},"end":{"line":8,"column":60}},"type":"binary-expr","locations":[{"start":{"line":8,"column":10},"end":{"line":8,"column":22}},{"start":{"line":8,"column":26},"end":{"line":8,"column":60}}],"line":8}},"s":{"0":20,"1":20,"2":0,"3":0,"4":0,"5":20,"6":20,"7":20,"8":20,"9":20},"f":{"0":20,"1":20,"2":0,"3":20},"b":{"0":[0,0],"1":[0,0]},"_coverageSchema":"43e27e138ebf9cfc5966b082cf9a028302ed4184","hash":"d1414e42571463560fd3a969c0a5cef046e905c2"}
}
