{"/Users/karolis/imkarolis/currency-exchanger-app/src/components/Dropdown/index.tsx": {"path":"/Users/karolis/imkarolis/currency-exchanger-app/src/components/Dropdown/index.tsx","statementMap":{"0":{"start":{"line":24,"column":78},"end":{"line":24,"column":83}},"1":{"start":{"line":25,"column":16},"end":{"line":25,"column":34}},"2":{"start":{"line":26,"column":19},"end":{"line":26,"column":40}},"3":{"start":{"line":28,"column":26},"end":{"line":28,"column":56}},"4":{"start":{"line":29,"column":34},"end":{"line":29,"column":72}},"5":{"start":{"line":30,"column":14},"end":{"line":30,"column":28}},"6":{"start":{"line":31,"column":2},"end":{"line":31,"column":47}},"7":{"start":{"line":31,"column":31},"end":{"line":31,"column":45}},"8":{"start":{"line":32,"column":21},"end":{"line":32,"column":47}},"9":{"start":{"line":32,"column":33},"end":{"line":32,"column":47}},"10":{"start":{"line":34,"column":28},"end":{"line":36,"column":3}},"11":{"start":{"line":35,"column":4},"end":{"line":35,"column":47}},"12":{"start":{"line":38,"column":23},"end":{"line":41,"column":3}},"13":{"start":{"line":39,"column":4},"end":{"line":39,"column":19}},"14":{"start":{"line":40,"column":4},"end":{"line":40,"column":28}},"15":{"start":{"line":43,"column":23},"end":{"line":50,"column":3}},"16":{"start":{"line":44,"column":4},"end":{"line":49,"column":5}},"17":{"start":{"line":45,"column":23},"end":{"line":45,"column":58}},"18":{"start":{"line":46,"column":6},"end":{"line":46,"column":28}},"19":{"start":{"line":48,"column":6},"end":{"line":48,"column":30}},"20":{"start":{"line":52,"column":27},"end":{"line":52,"column":83}},"21":{"start":{"line":54,"column":2},"end":{"line":105,"column":4}},"22":{"start":{"line":92,"column":14},"end":{"line":99,"column":16}}},"fnMap":{"0":{"name":"Dropdown","decl":{"start":{"line":23,"column":16},"end":{"line":23,"column":24}},"loc":{"start":{"line":23,"column":60},"end":{"line":106,"column":1}},"line":23},"1":{"name":"(anonymous_1)","decl":{"start":{"line":31,"column":25},"end":{"line":31,"column":26}},"loc":{"start":{"line":31,"column":31},"end":{"line":31,"column":45}},"line":31},"2":{"name":"(anonymous_2)","decl":{"start":{"line":32,"column":21},"end":{"line":32,"column":22}},"loc":{"start":{"line":32,"column":33},"end":{"line":32,"column":47}},"line":32},"3":{"name":"(anonymous_3)","decl":{"start":{"line":34,"column":28},"end":{"line":34,"column":29}},"loc":{"start":{"line":34,"column":54},"end":{"line":36,"column":3}},"line":34},"4":{"name":"(anonymous_4)","decl":{"start":{"line":38,"column":23},"end":{"line":38,"column":24}},"loc":{"start":{"line":38,"column":49},"end":{"line":41,"column":3}},"line":38},"5":{"name":"(anonymous_5)","decl":{"start":{"line":43,"column":23},"end":{"line":43,"column":24}},"loc":{"start":{"line":43,"column":47},"end":{"line":50,"column":3}},"line":43},"6":{"name":"(anonymous_6)","decl":{"start":{"line":91,"column":26},"end":{"line":91,"column":27}},"loc":{"start":{"line":91,"column":46},"end":{"line":100,"column":13}},"line":91}},"branchMap":{"0":{"loc":{"start":{"line":44,"column":4},"end":{"line":49,"column":5}},"type":"if","locations":[{"start":{"line":44,"column":4},"end":{"line":49,"column":5}},{"start":{"line":44,"column":4},"end":{"line":49,"column":5}}],"line":44},"1":{"loc":{"start":{"line":52,"column":27},"end":{"line":52,"column":83}},"type":"cond-expr","locations":[{"start":{"line":52,"column":59},"end":{"line":52,"column":69}},{"start":{"line":52,"column":72},"end":{"line":52,"column":83}}],"line":52},"2":{"loc":{"start":{"line":69,"column":30},"end":{"line":69,"column":64}},"type":"cond-expr","locations":[{"start":{"line":69,"column":37},"end":{"line":69,"column":48}},{"start":{"line":69,"column":51},"end":{"line":69,"column":64}}],"line":69},"3":{"loc":{"start":{"line":74,"column":9},"end":{"line":102,"column":9}},"type":"binary-expr","locations":[{"start":{"line":74,"column":9},"end":{"line":74,"column":13}},{"start":{"line":75,"column":10},"end":{"line":101,"column":16}}],"line":74}},"s":{"0":2,"1":2,"2":2,"3":2,"4":2,"5":2,"6":2,"7":0,"8":2,"9":0,"10":2,"11":0,"12":2,"13":0,"14":0,"15":2,"16":0,"17":0,"18":0,"19":0,"20":2,"21":2,"22":0},"f":{"0":2,"1":0,"2":0,"3":0,"4":0,"5":0,"6":0},"b":{"0":[0,0],"1":[0,2],"2":[0,2],"3":[2,0]},"_coverageSchema":"43e27e138ebf9cfc5966b082cf9a028302ed4184","hash":"cd8db68d7644210c76dca5d7284248269b149540"}
,"/Users/karolis/imkarolis/currency-exchanger-app/src/context/actions.ts": {"path":"/Users/karolis/imkarolis/currency-exchanger-app/src/context/actions.ts","statementMap":{"0":{"start":{"line":39,"column":17},"end":{"line":39,"column":58}},"1":{"start":{"line":40,"column":2},"end":{"line":43,"column":3}},"2":{"start":{"line":41,"column":23},"end":{"line":41,"column":41}},"3":{"start":{"line":42,"column":4},"end":{"line":42,"column":22}},"4":{"start":{"line":44,"column":2},"end":{"line":44,"column":32}},"5":{"start":{"line":47,"column":2},"end":{"line":47,"column":72}},"6":{"start":{"line":51,"column":2},"end":{"line":54,"column":5}},"7":{"start":{"line":56,"column":2},"end":{"line":99,"column":3}},"8":{"start":{"line":57,"column":23},"end":{"line":57,"column":55}},"9":{"start":{"line":58,"column":23},"end":{"line":58,"column":44}},"10":{"start":{"line":59,"column":25},"end":{"line":59,"column":69}},"11":{"start":{"line":60,"column":23},"end":{"line":60,"column":63}},"12":{"start":{"line":61,"column":4},"end":{"line":70,"column":5}},"13":{"start":{"line":62,"column":6},"end":{"line":68,"column":9}},"14":{"start":{"line":69,"column":6},"end":{"line":69,"column":13}},"15":{"start":{"line":71,"column":24},"end":{"line":71,"column":72}},"16":{"start":{"line":72,"column":23},"end":{"line":72,"column":83}},"17":{"start":{"line":73,"column":26},"end":{"line":73,"column":42}},"18":{"start":{"line":74,"column":28},"end":{"line":74,"column":46}},"19":{"start":{"line":75,"column":40},"end":{"line":85,"column":5}},"20":{"start":{"line":86,"column":4},"end":{"line":89,"column":7}},"21":{"start":{"line":91,"column":4},"end":{"line":91,"column":34}},"22":{"start":{"line":92,"column":4},"end":{"line":98,"column":7}},"23":{"start":{"line":103,"column":2},"end":{"line":103,"column":84}},"24":{"start":{"line":103,"column":77},"end":{"line":103,"column":84}},"25":{"start":{"line":104,"column":23},"end":{"line":104,"column":73}},"26":{"start":{"line":105,"column":24},"end":{"line":105,"column":82}},"27":{"start":{"line":106,"column":26},"end":{"line":106,"column":86}},"28":{"start":{"line":107,"column":20},"end":{"line":107,"column":80}},"29":{"start":{"line":108,"column":43},"end":{"line":114,"column":3}},"30":{"start":{"line":115,"column":2},"end":{"line":118,"column":5}},"31":{"start":{"line":122,"column":2},"end":{"line":122,"column":84}},"32":{"start":{"line":122,"column":77},"end":{"line":122,"column":84}},"33":{"start":{"line":123,"column":25},"end":{"line":123,"column":77}},"34":{"start":{"line":124,"column":26},"end":{"line":124,"column":90}},"35":{"start":{"line":125,"column":24},"end":{"line":125,"column":80}},"36":{"start":{"line":126,"column":20},"end":{"line":126,"column":67}},"37":{"start":{"line":127,"column":43},"end":{"line":133,"column":3}},"38":{"start":{"line":134,"column":2},"end":{"line":137,"column":5}},"39":{"start":{"line":141,"column":2},"end":{"line":141,"column":55}},"40":{"start":{"line":141,"column":48},"end":{"line":141,"column":55}},"41":{"start":{"line":142,"column":23},"end":{"line":142,"column":83}},"42":{"start":{"line":143,"column":24},"end":{"line":143,"column":82}},"43":{"start":{"line":144,"column":20},"end":{"line":144,"column":112}},"44":{"start":{"line":145,"column":21},"end":{"line":149,"column":4}},"45":{"start":{"line":151,"column":45},"end":{"line":156,"column":3}},"46":{"start":{"line":157,"column":2},"end":{"line":160,"column":5}},"47":{"start":{"line":164,"column":2},"end":{"line":190,"column":3}},"48":{"start":{"line":165,"column":17},"end":{"line":165,"column":27}},"49":{"start":{"line":166,"column":25},"end":{"line":166,"column":40}},"50":{"start":{"line":167,"column":23},"end":{"line":167,"column":40}},"51":{"start":{"line":168,"column":27},"end":{"line":168,"column":44}},"52":{"start":{"line":169,"column":4},"end":{"line":169,"column":45}},"53":{"start":{"line":169,"column":38},"end":{"line":169,"column":45}},"54":{"start":{"line":170,"column":4},"end":{"line":170,"column":75}},"55":{"start":{"line":171,"column":28},"end":{"line":171,"column":86}},"56":{"start":{"line":172,"column":24},"end":{"line":172,"column":72}},"57":{"start":{"line":173,"column":25},"end":{"line":173,"column":73}},"58":{"start":{"line":174,"column":26},"end":{"line":174,"column":84}},"59":{"start":{"line":175,"column":22},"end":{"line":175,"column":69}},"60":{"start":{"line":176,"column":46},"end":{"line":185,"column":5}},"61":{"start":{"line":186,"column":4},"end":{"line":189,"column":7}},"62":{"start":{"line":194,"column":20},"end":{"line":194,"column":112}},"63":{"start":{"line":195,"column":2},"end":{"line":195,"column":69}},"64":{"start":{"line":195,"column":62},"end":{"line":195,"column":69}},"65":{"start":{"line":196,"column":2},"end":{"line":199,"column":5}},"66":{"start":{"line":200,"column":2},"end":{"line":226,"column":3}},"67":{"start":{"line":201,"column":17},"end":{"line":201,"column":82}},"68":{"start":{"line":202,"column":15},"end":{"line":202,"column":76}},"69":{"start":{"line":203,"column":4},"end":{"line":203,"column":36}},"70":{"start":{"line":204,"column":4},"end":{"line":204,"column":18}},"71":{"start":{"line":205,"column":41},"end":{"line":213,"column":5}},"72":{"start":{"line":214,"column":4},"end":{"line":217,"column":7}},"73":{"start":{"line":219,"column":4},"end":{"line":225,"column":7}},"74":{"start":{"line":230,"column":23},"end":{"line":230,"column":58}},"75":{"start":{"line":231,"column":2},"end":{"line":231,"column":49}},"76":{"start":{"line":231,"column":42},"end":{"line":231,"column":49}},"77":{"start":{"line":232,"column":2},"end":{"line":232,"column":79}},"78":{"start":{"line":234,"column":22},"end":{"line":234,"column":88}},"79":{"start":{"line":235,"column":26},"end":{"line":235,"column":90}},"80":{"start":{"line":236,"column":23},"end":{"line":236,"column":77}},"81":{"start":{"line":237,"column":24},"end":{"line":237,"column":82}},"82":{"start":{"line":238,"column":21},"end":{"line":242,"column":4}},"83":{"start":{"line":243,"column":47},"end":{"line":250,"column":3}},"84":{"start":{"line":251,"column":2},"end":{"line":254,"column":5}},"85":{"start":{"line":258,"column":21},"end":{"line":258,"column":56}},"86":{"start":{"line":259,"column":2},"end":{"line":259,"column":70}},"87":{"start":{"line":259,"column":63},"end":{"line":259,"column":70}},"88":{"start":{"line":260,"column":2},"end":{"line":260,"column":79}},"89":{"start":{"line":262,"column":22},"end":{"line":262,"column":90}},"90":{"start":{"line":263,"column":23},"end":{"line":263,"column":77}},"91":{"start":{"line":264,"column":24},"end":{"line":264,"column":82}},"92":{"start":{"line":265,"column":21},"end":{"line":269,"column":4}},"93":{"start":{"line":270,"column":45},"end":{"line":276,"column":3}},"94":{"start":{"line":277,"column":2},"end":{"line":280,"column":5}}},"fnMap":{"0":{"name":"getCurrenciesFromStorage","decl":{"start":{"line":38,"column":9},"end":{"line":38,"column":33}},"loc":{"start":{"line":38,"column":59},"end":{"line":45,"column":1}},"line":38},"1":{"name":"setCurrenciesToStorage","decl":{"start":{"line":46,"column":9},"end":{"line":46,"column":31}},"loc":{"start":{"line":46,"column":72},"end":{"line":48,"column":1}},"line":46},"2":{"name":"setInitialData","decl":{"start":{"line":50,"column":15},"end":{"line":50,"column":29}},"loc":{"start":{"line":50,"column":58},"end":{"line":100,"column":1}},"line":50},"3":{"name":"handleInputValueFromChange","decl":{"start":{"line":102,"column":9},"end":{"line":102,"column":35}},"loc":{"start":{"line":102,"column":106},"end":{"line":119,"column":1}},"line":102},"4":{"name":"handleInputValueToChange","decl":{"start":{"line":121,"column":9},"end":{"line":121,"column":33}},"loc":{"start":{"line":121,"column":104},"end":{"line":138,"column":1}},"line":121},"5":{"name":"handleCurencyRateChange","decl":{"start":{"line":140,"column":15},"end":{"line":140,"column":38}},"loc":{"start":{"line":140,"column":89},"end":{"line":161,"column":1}},"line":140},"6":{"name":"handleCurrenciesSwapp","decl":{"start":{"line":163,"column":15},"end":{"line":163,"column":36}},"loc":{"start":{"line":163,"column":87},"end":{"line":191,"column":1}},"line":163},"7":{"name":"handleValuesSubmit","decl":{"start":{"line":193,"column":15},"end":{"line":193,"column":33}},"loc":{"start":{"line":193,"column":84},"end":{"line":227,"column":1}},"line":193},"8":{"name":"selectFromCurrency","decl":{"start":{"line":229,"column":15},"end":{"line":229,"column":33}},"loc":{"start":{"line":229,"column":98},"end":{"line":255,"column":1}},"line":229},"9":{"name":"selectToCurrency","decl":{"start":{"line":257,"column":15},"end":{"line":257,"column":31}},"loc":{"start":{"line":257,"column":96},"end":{"line":281,"column":1}},"line":257}},"branchMap":{"0":{"loc":{"start":{"line":40,"column":2},"end":{"line":43,"column":3}},"type":"if","locations":[{"start":{"line":40,"column":2},"end":{"line":43,"column":3}},{"start":{"line":40,"column":2},"end":{"line":43,"column":3}}],"line":40},"1":{"loc":{"start":{"line":59,"column":37},"end":{"line":59,"column":56}},"type":"cond-expr","locations":[{"start":{"line":59,"column":44},"end":{"line":59,"column":48}},{"start":{"line":59,"column":51},"end":{"line":59,"column":56}}],"line":59},"2":{"loc":{"start":{"line":60,"column":35},"end":{"line":60,"column":50}},"type":"cond-expr","locations":[{"start":{"line":60,"column":40},"end":{"line":60,"column":42}},{"start":{"line":60,"column":45},"end":{"line":60,"column":50}}],"line":60},"3":{"loc":{"start":{"line":61,"column":4},"end":{"line":70,"column":5}},"type":"if","locations":[{"start":{"line":61,"column":4},"end":{"line":70,"column":5}},{"start":{"line":61,"column":4},"end":{"line":70,"column":5}}],"line":61},"4":{"loc":{"start":{"line":61,"column":8},"end":{"line":61,"column":36}},"type":"binary-expr","locations":[{"start":{"line":61,"column":8},"end":{"line":61,"column":21}},{"start":{"line":61,"column":25},"end":{"line":61,"column":36}}],"line":61},"5":{"loc":{"start":{"line":103,"column":2},"end":{"line":103,"column":84}},"type":"if","locations":[{"start":{"line":103,"column":2},"end":{"line":103,"column":84}},{"start":{"line":103,"column":2},"end":{"line":103,"column":84}}],"line":103},"6":{"loc":{"start":{"line":103,"column":6},"end":{"line":103,"column":75}},"type":"binary-expr","locations":[{"start":{"line":103,"column":6},"end":{"line":103,"column":23}},{"start":{"line":103,"column":27},"end":{"line":103,"column":46}},{"start":{"line":103,"column":50},"end":{"line":103,"column":75}}],"line":103},"7":{"loc":{"start":{"line":122,"column":2},"end":{"line":122,"column":84}},"type":"if","locations":[{"start":{"line":122,"column":2},"end":{"line":122,"column":84}},{"start":{"line":122,"column":2},"end":{"line":122,"column":84}}],"line":122},"8":{"loc":{"start":{"line":122,"column":6},"end":{"line":122,"column":75}},"type":"binary-expr","locations":[{"start":{"line":122,"column":6},"end":{"line":122,"column":23}},{"start":{"line":122,"column":27},"end":{"line":122,"column":46}},{"start":{"line":122,"column":50},"end":{"line":122,"column":75}}],"line":122},"9":{"loc":{"start":{"line":141,"column":2},"end":{"line":141,"column":55}},"type":"if","locations":[{"start":{"line":141,"column":2},"end":{"line":141,"column":55}},{"start":{"line":141,"column":2},"end":{"line":141,"column":55}}],"line":141},"10":{"loc":{"start":{"line":141,"column":6},"end":{"line":141,"column":46}},"type":"binary-expr","locations":[{"start":{"line":141,"column":6},"end":{"line":141,"column":23}},{"start":{"line":141,"column":27},"end":{"line":141,"column":46}}],"line":141},"11":{"loc":{"start":{"line":164,"column":2},"end":{"line":190,"column":3}},"type":"if","locations":[{"start":{"line":164,"column":2},"end":{"line":190,"column":3}},{"start":{"line":164,"column":2},"end":{"line":190,"column":3}}],"line":164},"12":{"loc":{"start":{"line":164,"column":6},"end":{"line":164,"column":44}},"type":"binary-expr","locations":[{"start":{"line":164,"column":6},"end":{"line":164,"column":24}},{"start":{"line":164,"column":28},"end":{"line":164,"column":44}}],"line":164},"13":{"loc":{"start":{"line":169,"column":4},"end":{"line":169,"column":45}},"type":"if","locations":[{"start":{"line":169,"column":4},"end":{"line":169,"column":45}},{"start":{"line":169,"column":4},"end":{"line":169,"column":45}}],"line":169},"14":{"loc":{"start":{"line":169,"column":8},"end":{"line":169,"column":36}},"type":"binary-expr","locations":[{"start":{"line":169,"column":8},"end":{"line":169,"column":21}},{"start":{"line":169,"column":25},"end":{"line":169,"column":36}}],"line":169},"15":{"loc":{"start":{"line":195,"column":2},"end":{"line":195,"column":69}},"type":"if","locations":[{"start":{"line":195,"column":2},"end":{"line":195,"column":69}},{"start":{"line":195,"column":2},"end":{"line":195,"column":69}}],"line":195},"16":{"loc":{"start":{"line":195,"column":6},"end":{"line":195,"column":60}},"type":"binary-expr","locations":[{"start":{"line":195,"column":6},"end":{"line":195,"column":25}},{"start":{"line":195,"column":29},"end":{"line":195,"column":46}},{"start":{"line":195,"column":50},"end":{"line":195,"column":60}}],"line":195},"17":{"loc":{"start":{"line":231,"column":2},"end":{"line":231,"column":49}},"type":"if","locations":[{"start":{"line":231,"column":2},"end":{"line":231,"column":49}},{"start":{"line":231,"column":2},"end":{"line":231,"column":49}}],"line":231},"18":{"loc":{"start":{"line":231,"column":6},"end":{"line":231,"column":40}},"type":"binary-expr","locations":[{"start":{"line":231,"column":6},"end":{"line":231,"column":23}},{"start":{"line":231,"column":27},"end":{"line":231,"column":40}}],"line":231},"19":{"loc":{"start":{"line":259,"column":2},"end":{"line":259,"column":70}},"type":"if","locations":[{"start":{"line":259,"column":2},"end":{"line":259,"column":70}},{"start":{"line":259,"column":2},"end":{"line":259,"column":70}}],"line":259},"20":{"loc":{"start":{"line":259,"column":6},"end":{"line":259,"column":61}},"type":"binary-expr","locations":[{"start":{"line":259,"column":6},"end":{"line":259,"column":25}},{"start":{"line":259,"column":29},"end":{"line":259,"column":46}},{"start":{"line":259,"column":50},"end":{"line":259,"column":61}}],"line":259}},"s":{"0":0,"1":0,"2":0,"3":0,"4":0,"5":0,"6":0,"7":0,"8":0,"9":0,"10":0,"11":0,"12":0,"13":0,"14":0,"15":0,"16":0,"17":0,"18":0,"19":0,"20":0,"21":0,"22":0,"23":0,"24":0,"25":0,"26":0,"27":0,"28":0,"29":0,"30":0,"31":0,"32":0,"33":0,"34":0,"35":0,"36":0,"37":0,"38":0,"39":0,"40":0,"41":0,"42":0,"43":0,"44":0,"45":0,"46":0,"47":0,"48":0,"49":0,"50":0,"51":0,"52":0,"53":0,"54":0,"55":0,"56":0,"57":0,"58":0,"59":0,"60":0,"61":0,"62":0,"63":0,"64":0,"65":0,"66":0,"67":0,"68":0,"69":0,"70":0,"71":0,"72":0,"73":0,"74":0,"75":0,"76":0,"77":0,"78":0,"79":0,"80":0,"81":0,"82":0,"83":0,"84":0,"85":0,"86":0,"87":0,"88":0,"89":0,"90":0,"91":0,"92":0,"93":0,"94":0},"f":{"0":0,"1":0,"2":0,"3":0,"4":0,"5":0,"6":0,"7":0,"8":0,"9":0},"b":{"0":[0,0],"1":[0,0],"2":[0,0],"3":[0,0],"4":[0,0],"5":[0,0],"6":[0,0,0],"7":[0,0],"8":[0,0,0],"9":[0,0],"10":[0,0],"11":[0,0],"12":[0,0],"13":[0,0],"14":[0,0],"15":[0,0],"16":[0,0,0],"17":[0,0],"18":[0,0],"19":[0,0],"20":[0,0,0]},"_coverageSchema":"43e27e138ebf9cfc5966b082cf9a028302ed4184","hash":"f91b3d36ca31983cd2fbfa1f9b437374fe967e2d"}
,"/Users/karolis/imkarolis/currency-exchanger-app/src/lib/utils/helpers.ts": {"path":"/Users/karolis/imkarolis/currency-exchanger-app/src/lib/utils/helpers.ts","statementMap":{"0":{"start":{"line":6,"column":2},"end":{"line":6,"column":113}},"1":{"start":{"line":15,"column":16},"end":{"line":15,"column":31}},"2":{"start":{"line":16,"column":22},"end":{"line":16,"column":64}},"3":{"start":{"line":17,"column":15},"end":{"line":17,"column":38}},"4":{"start":{"line":18,"column":2},"end":{"line":18,"column":14}},"5":{"start":{"line":22,"column":17},"end":{"line":24,"column":4}},"6":{"start":{"line":23,"column":4},"end":{"line":23,"column":61}},"7":{"start":{"line":26,"column":17},"end":{"line":28,"column":4}},"8":{"start":{"line":27,"column":4},"end":{"line":27,"column":21}},"9":{"start":{"line":29,"column":2},"end":{"line":29,"column":16}},"10":{"start":{"line":33,"column":2},"end":{"line":33,"column":42}},"11":{"start":{"line":37,"column":14},"end":{"line":37,"column":40}},"12":{"start":{"line":38,"column":2},"end":{"line":38,"column":45}},"13":{"start":{"line":42,"column":2},"end":{"line":42,"column":47}},"14":{"start":{"line":42,"column":30},"end":{"line":42,"column":45}},"15":{"start":{"line":46,"column":2},"end":{"line":46,"column":75}},"16":{"start":{"line":46,"column":32},"end":{"line":46,"column":73}},"17":{"start":{"line":50,"column":2},"end":{"line":50,"column":63}},"18":{"start":{"line":54,"column":15},"end":{"line":54,"column":42}},"19":{"start":{"line":55,"column":2},"end":{"line":55,"column":66}},"20":{"start":{"line":55,"column":35},"end":{"line":55,"column":64}},"21":{"start":{"line":55,"column":52},"end":{"line":55,"column":57}},"22":{"start":{"line":59,"column":22},"end":{"line":59,"column":28}},"23":{"start":{"line":60,"column":2},"end":{"line":62,"column":3}},"24":{"start":{"line":61,"column":4},"end":{"line":61,"column":52}},"25":{"start":{"line":63,"column":2},"end":{"line":63,"column":50}},"26":{"start":{"line":67,"column":22},"end":{"line":67,"column":28}},"27":{"start":{"line":68,"column":2},"end":{"line":70,"column":3}},"28":{"start":{"line":69,"column":4},"end":{"line":69,"column":51}},"29":{"start":{"line":71,"column":2},"end":{"line":71,"column":49}},"30":{"start":{"line":75,"column":19},"end":{"line":75,"column":94}},"31":{"start":{"line":76,"column":30},"end":{"line":76,"column":96}},"32":{"start":{"line":77,"column":21},"end":{"line":77,"column":32}},"33":{"start":{"line":78,"column":2},"end":{"line":78,"column":56}}},"fnMap":{"0":{"name":"randomNumber","decl":{"start":{"line":5,"column":9},"end":{"line":5,"column":21}},"loc":{"start":{"line":5,"column":73},"end":{"line":7,"column":1}},"line":5},"1":{"name":"getTimestamp","decl":{"start":{"line":14,"column":9},"end":{"line":14,"column":21}},"loc":{"start":{"line":14,"column":44},"end":{"line":19,"column":1}},"line":14},"2":{"name":"formatHistoryData","decl":{"start":{"line":21,"column":9},"end":{"line":21,"column":26}},"loc":{"start":{"line":21,"column":92},"end":{"line":30,"column":1}},"line":21},"3":{"name":"(anonymous_3)","decl":{"start":{"line":22,"column":48},"end":{"line":22,"column":49}},"loc":{"start":{"line":22,"column":66},"end":{"line":24,"column":3}},"line":22},"4":{"name":"(anonymous_4)","decl":{"start":{"line":26,"column":29},"end":{"line":26,"column":30}},"loc":{"start":{"line":26,"column":39},"end":{"line":28,"column":3}},"line":26},"5":{"name":"getEndAtDay","decl":{"start":{"line":32,"column":9},"end":{"line":32,"column":20}},"loc":{"start":{"line":32,"column":31},"end":{"line":34,"column":1}},"line":32},"6":{"name":"getStartAtDay","decl":{"start":{"line":36,"column":9},"end":{"line":36,"column":22}},"loc":{"start":{"line":36,"column":46},"end":{"line":39,"column":1}},"line":36},"7":{"name":"getSelected","decl":{"start":{"line":41,"column":9},"end":{"line":41,"column":20}},"loc":{"start":{"line":41,"column":59},"end":{"line":43,"column":1}},"line":41},"8":{"name":"(anonymous_8)","decl":{"start":{"line":42,"column":25},"end":{"line":42,"column":26}},"loc":{"start":{"line":42,"column":30},"end":{"line":42,"column":45}},"line":42},"9":{"name":"getFiltered","decl":{"start":{"line":45,"column":9},"end":{"line":45,"column":20}},"loc":{"start":{"line":45,"column":65},"end":{"line":47,"column":1}},"line":45},"10":{"name":"(anonymous_10)","decl":{"start":{"line":46,"column":27},"end":{"line":46,"column":28}},"loc":{"start":{"line":46,"column":32},"end":{"line":46,"column":73}},"line":46},"11":{"name":"getCanSubmit","decl":{"start":{"line":49,"column":9},"end":{"line":49,"column":21}},"loc":{"start":{"line":49,"column":108},"end":{"line":51,"column":1}},"line":49},"12":{"name":"waait","decl":{"start":{"line":53,"column":9},"end":{"line":53,"column":14}},"loc":{"start":{"line":53,"column":17},"end":{"line":56,"column":1}},"line":53},"13":{"name":"(anonymous_13)","decl":{"start":{"line":55,"column":21},"end":{"line":55,"column":22}},"loc":{"start":{"line":55,"column":35},"end":{"line":55,"column":64}},"line":55},"14":{"name":"(anonymous_14)","decl":{"start":{"line":55,"column":46},"end":{"line":55,"column":47}},"loc":{"start":{"line":55,"column":52},"end":{"line":55,"column":57}},"line":55},"15":{"name":"getPocketValue","decl":{"start":{"line":58,"column":9},"end":{"line":58,"column":23}},"loc":{"start":{"line":58,"column":85},"end":{"line":64,"column":1}},"line":58},"16":{"name":"getInputValue","decl":{"start":{"line":66,"column":9},"end":{"line":66,"column":22}},"loc":{"start":{"line":66,"column":83},"end":{"line":72,"column":1}},"line":66},"17":{"name":"isInputValue","decl":{"start":{"line":74,"column":9},"end":{"line":74,"column":21}},"loc":{"start":{"line":74,"column":37},"end":{"line":79,"column":1}},"line":74}},"branchMap":{"0":{"loc":{"start":{"line":5,"column":48},"end":{"line":5,"column":63}},"type":"default-arg","locations":[{"start":{"line":5,"column":60},"end":{"line":5,"column":63}}],"line":5},"1":{"loc":{"start":{"line":50,"column":9},"end":{"line":50,"column":62}},"type":"binary-expr","locations":[{"start":{"line":50,"column":9},"end":{"line":50,"column":42}},{"start":{"line":50,"column":46},"end":{"line":50,"column":62}}],"line":50},"2":{"loc":{"start":{"line":60,"column":2},"end":{"line":62,"column":3}},"type":"if","locations":[{"start":{"line":60,"column":2},"end":{"line":62,"column":3}},{"start":{"line":60,"column":2},"end":{"line":62,"column":3}}],"line":60},"3":{"loc":{"start":{"line":68,"column":2},"end":{"line":70,"column":3}},"type":"if","locations":[{"start":{"line":68,"column":2},"end":{"line":70,"column":3}},{"start":{"line":68,"column":2},"end":{"line":70,"column":3}}],"line":68},"4":{"loc":{"start":{"line":75,"column":19},"end":{"line":75,"column":94}},"type":"binary-expr","locations":[{"start":{"line":75,"column":19},"end":{"line":75,"column":44}},{"start":{"line":75,"column":48},"end":{"line":75,"column":74}},{"start":{"line":75,"column":78},"end":{"line":75,"column":94}}],"line":75},"5":{"loc":{"start":{"line":76,"column":30},"end":{"line":76,"column":96}},"type":"binary-expr","locations":[{"start":{"line":76,"column":30},"end":{"line":76,"column":61}},{"start":{"line":76,"column":65},"end":{"line":76,"column":96}}],"line":76},"6":{"loc":{"start":{"line":78,"column":9},"end":{"line":78,"column":55}},"type":"binary-expr","locations":[{"start":{"line":78,"column":9},"end":{"line":78,"column":29}},{"start":{"line":78,"column":33},"end":{"line":78,"column":41}},{"start":{"line":78,"column":45},"end":{"line":78,"column":55}}],"line":78}},"s":{"0":0,"1":6,"2":6,"3":6,"4":6,"5":2,"6":3,"7":2,"8":4,"9":2,"10":0,"11":0,"12":0,"13":1,"14":2,"15":0,"16":0,"17":2,"18":0,"19":0,"20":0,"21":0,"22":4,"23":4,"24":2,"25":2,"26":4,"27":4,"28":2,"29":2,"30":10,"31":10,"32":10,"33":10},"f":{"0":0,"1":6,"2":2,"3":3,"4":4,"5":0,"6":0,"7":1,"8":2,"9":0,"10":0,"11":2,"12":0,"13":0,"14":0,"15":4,"16":4,"17":10},"b":{"0":[0],"1":[2,1],"2":[2,2],"3":[2,2],"4":[10,5,5],"5":[10,8],"6":[10,8,2]},"_coverageSchema":"43e27e138ebf9cfc5966b082cf9a028302ed4184","hash":"651165d95ddbaaa47f690e8a28a5fefcce1a2a85"}
,"/Users/karolis/imkarolis/currency-exchanger-app/src/lib/utils/testing-utils.tsx": {"path":"/Users/karolis/imkarolis/currency-exchanger-app/src/lib/utils/testing-utils.tsx","statementMap":{"0":{"start":{"line":9,"column":21},"end":{"line":23,"column":1}},"1":{"start":{"line":9,"column":61},"end":{"line":9,"column":70}},"2":{"start":{"line":11,"column":4},"end":{"line":20,"column":6}},"3":{"start":{"line":22,"column":2},"end":{"line":22,"column":52}}},"fnMap":{"0":{"name":"(anonymous_0)","decl":{"start":{"line":9,"column":21},"end":{"line":9,"column":22}},"loc":{"start":{"line":9,"column":93},"end":{"line":23,"column":1}},"line":9},"1":{"name":"(anonymous_1)","decl":{"start":{"line":9,"column":55},"end":{"line":9,"column":56}},"loc":{"start":{"line":9,"column":61},"end":{"line":9,"column":70}},"line":9},"2":{"name":"Wrapper","decl":{"start":{"line":10,"column":11},"end":{"line":10,"column":18}},"loc":{"start":{"line":10,"column":43},"end":{"line":21,"column":3}},"line":10}},"branchMap":{"0":{"loc":{"start":{"line":9,"column":31},"end":{"line":9,"column":88}},"type":"default-arg","locations":[{"start":{"line":9,"column":86},"end":{"line":9,"column":88}}],"line":9},"1":{"loc":{"start":{"line":9,"column":32},"end":{"line":9,"column":42}},"type":"default-arg","locations":[{"start":{"line":9,"column":40},"end":{"line":9,"column":42}}],"line":9},"2":{"loc":{"start":{"line":9,"column":44},"end":{"line":9,"column":70}},"type":"default-arg","locations":[{"start":{"line":9,"column":55},"end":{"line":9,"column":70}}],"line":9}},"s":{"0":1,"1":0,"2":2,"3":2},"f":{"0":2,"1":0,"2":2},"b":{"0":[0],"1":[0],"2":[2]},"_coverageSchema":"43e27e138ebf9cfc5966b082cf9a028302ed4184","hash":"8a1d7ebefce320689c93554790caf4ce835d1a4b"}
,"/Users/karolis/imkarolis/currency-exchanger-app/src/services/exchangerates-api/index.ts": {"path":"/Users/karolis/imkarolis/currency-exchanger-app/src/services/exchangerates-api/index.ts","statementMap":{"0":{"start":{"line":5,"column":16},"end":{"line":5,"column":49}},"1":{"start":{"line":12,"column":2},"end":{"line":29,"column":3}},"2":{"start":{"line":13,"column":19},"end":{"line":13,"column":85}},"3":{"start":{"line":14,"column":22},"end":{"line":14,"column":42}},"4":{"start":{"line":15,"column":18},"end":{"line":15,"column":57}},"5":{"start":{"line":16,"column":34},"end":{"line":16,"column":36}},"6":{"start":{"line":18,"column":4},"end":{"line":24,"column":7}},"7":{"start":{"line":19,"column":6},"end":{"line":23,"column":7}},"8":{"start":{"line":20,"column":8},"end":{"line":20,"column":55}},"9":{"start":{"line":22,"column":8},"end":{"line":22,"column":41}},"10":{"start":{"line":26,"column":4},"end":{"line":26,"column":55}},"11":{"start":{"line":26,"column":36},"end":{"line":26,"column":53}},"12":{"start":{"line":28,"column":4},"end":{"line":28,"column":34}},"13":{"start":{"line":33,"column":17},"end":{"line":33,"column":76}},"14":{"start":{"line":34,"column":2},"end":{"line":34,"column":14}},"15":{"start":{"line":43,"column":17},"end":{"line":43,"column":102}},"16":{"start":{"line":44,"column":2},"end":{"line":44,"column":49}},"17":{"start":{"line":54,"column":17},"end":{"line":58,"column":3}},"18":{"start":{"line":59,"column":20},"end":{"line":59,"column":57}},"19":{"start":{"line":60,"column":2},"end":{"line":60,"column":19}},"20":{"start":{"line":69,"column":17},"end":{"line":72,"column":4}},"21":{"start":{"line":74,"column":2},"end":{"line":74,"column":14}}},"fnMap":{"0":{"name":"getCurrencies","decl":{"start":{"line":11,"column":15},"end":{"line":11,"column":28}},"loc":{"start":{"line":11,"column":52},"end":{"line":30,"column":1}},"line":11},"1":{"name":"(anonymous_1)","decl":{"start":{"line":18,"column":18},"end":{"line":18,"column":19}},"loc":{"start":{"line":18,"column":26},"end":{"line":24,"column":5}},"line":18},"2":{"name":"(anonymous_2)","decl":{"start":{"line":26,"column":26},"end":{"line":26,"column":27}},"loc":{"start":{"line":26,"column":36},"end":{"line":26,"column":53}},"line":26},"3":{"name":"getMyPockets","decl":{"start":{"line":32,"column":15},"end":{"line":32,"column":27}},"loc":{"start":{"line":32,"column":64},"end":{"line":35,"column":1}},"line":32},"4":{"name":"getCurrentRate","decl":{"start":{"line":42,"column":15},"end":{"line":42,"column":29}},"loc":{"start":{"line":42,"column":91},"end":{"line":45,"column":1}},"line":42},"5":{"name":"getDataPoints","decl":{"start":{"line":53,"column":15},"end":{"line":53,"column":28}},"loc":{"start":{"line":53,"column":117},"end":{"line":61,"column":1}},"line":53},"6":{"name":"updatePockets","decl":{"start":{"line":68,"column":15},"end":{"line":68,"column":28}},"loc":{"start":{"line":68,"column":74},"end":{"line":75,"column":1}},"line":68}},"branchMap":{"0":{"loc":{"start":{"line":19,"column":6},"end":{"line":23,"column":7}},"type":"if","locations":[{"start":{"line":19,"column":6},"end":{"line":23,"column":7}},{"start":{"line":19,"column":6},"end":{"line":23,"column":7}}],"line":19}},"s":{"0":3,"1":0,"2":0,"3":0,"4":0,"5":0,"6":0,"7":0,"8":0,"9":0,"10":0,"11":0,"12":0,"13":0,"14":0,"15":0,"16":0,"17":0,"18":0,"19":0,"20":0,"21":0},"f":{"0":0,"1":0,"2":0,"3":0,"4":0,"5":0,"6":0},"b":{"0":[0,0]},"_coverageSchema":"43e27e138ebf9cfc5966b082cf9a028302ed4184","hash":"a55f21996b27965387bc46a936c733660ee831d9"}
}
