TN:
SF:/Users/karolis/imkarolis/exchangeme/src/components/ButtonContinue.tsx
FN:11,ButtonContinue
FN:15,(anonymous_1)
FNF:2
FNH:1
FNDA:20,ButtonContinue
FNDA:0,(anonymous_1)
DA:12,20
DA:13,20
DA:15,20
DA:16,0
DA:19,20
LF:5
LH:4
BRF:0
BRH:0
end_of_record
TN:
SF:/Users/karolis/imkarolis/exchangeme/src/components/InputAmount/index.tsx
FN:15,InputAmount
FN:20,(anonymous_1)
FNF:2
FNH:2
FNDA:22,InputAmount
FNDA:6,(anonymous_1)
DA:16,22
DA:17,22
DA:18,22
DA:20,22
DA:21,6
DA:22,6
DA:25,22
LF:7
LH:7
BRDA:29,0,0,22
BRDA:29,0,1,22
BRDA:33,1,0,12
BRDA:33,1,1,10
BRDA:36,2,0,0
BRDA:36,2,1,22
BRF:6
BRH:5
end_of_record
TN:
SF:/Users/karolis/imkarolis/exchangeme/src/lib/utils/testing-utils.tsx
FN:12,AllProviders
FN:26,customRender
FN:27,Wrapper
FNF:3
FNH:3
FNDA:15,AllProviders
FNDA:15,customRender
FNDA:15,Wrapper
DA:11,3
DA:14,15
DA:28,15
DA:30,15
DA:33,3
DA:38,3
LF:6
LH:6
BRDA:26,0,0,1
BRDA:26,1,0,1
BRF:2
BRH:2
end_of_record
