TN:
SF:/Users/karolis/imkarolis/currency-exchanger-app/src/index.tsx
FN:9,(anonymous_0)
FNF:1
FNH:0
FNDA:0,(anonymous_0)
DA:9,0
DA:10,0
DA:20,0
LF:3
LH:0
BRF:0
BRH:0
end_of_record
TN:
SF:/Users/karolis/imkarolis/currency-exchanger-app/src/api/currenciesAPI.ts
FN:11,getCurrencies
FN:18,(anonymous_1)
FN:26,(anonymous_2)
FN:31,getMyPockets
FN:41,getCurrentRate
FN:52,getDataPoints
FN:71,updatePockets
FNF:7
FNH:2
FNDA:11,getCurrencies
FNDA:0,(anonymous_1)
FNDA:0,(anonymous_2)
FNDA:5,getMyPockets
FNDA:0,getCurrentRate
FNDA:0,getDataPoints
FNDA:0,updatePockets
DA:5,1
DA:13,11
DA:14,5
DA:15,0
DA:16,0
DA:18,0
DA:19,0
DA:20,0
DA:22,0
DA:26,0
DA:32,5
DA:33,0
DA:42,0
DA:43,0
DA:57,0
DA:62,0
DA:63,0
DA:72,0
DA:77,0
LF:19
LH:4
BRDA:19,0,0,0
BRDA:19,0,1,0
BRDA:53,1,0,0
BRF:3
BRH:0
end_of_record
TN:
SF:/Users/karolis/imkarolis/currency-exchanger-app/src/app/App.tsx
FN:28,CurrencyExchange
FN:42,(anonymous_1)
FN:47,(anonymous_2)
FN:56,(anonymous_3)
FN:61,(anonymous_4)
FN:74,(anonymous_5)
FN:87,(anonymous_6)
FN:106,(anonymous_7)
FN:131,ContainerScreen
FN:134,ContainerApp
FN:139,ContainerInputs
FN:143,useCurrentRate
FN:145,(anonymous_12)
FN:147,(anonymous_13)
FN:148,startPolling
FN:154,(anonymous_15)
FN:160,(anonymous_16)
FNF:17
FNH:14
FNDA:11,CurrencyExchange
FNDA:32,(anonymous_1)
FNDA:11,(anonymous_2)
FNDA:11,(anonymous_3)
FNDA:11,(anonymous_4)
FNDA:0,(anonymous_5)
FNDA:20,(anonymous_6)
FNDA:20,(anonymous_7)
FNDA:10,ContainerScreen
FNDA:10,ContainerApp
FNDA:20,ContainerInputs
FNDA:11,useCurrentRate
FNDA:32,(anonymous_12)
FNDA:11,(anonymous_13)
FNDA:0,startPolling
FNDA:0,(anonymous_15)
FNDA:11,(anonymous_16)
DA:42,32
DA:43,11
DA:44,11
DA:45,11
DA:47,11
DA:48,11
DA:49,10
DA:50,10
DA:56,11
DA:57,11
DA:58,11
DA:61,11
DA:62,11
DA:63,10
DA:66,11
DA:67,1
DA:70,10
DA:75,0
DA:87,20
DA:106,20
DA:132,10
DA:135,10
DA:140,20
DA:144,11
DA:145,32
DA:147,11
DA:149,0
DA:152,11
DA:154,11
DA:155,0
DA:156,0
DA:159,11
DA:160,11
LF:33
LH:29
BRDA:48,0,0,1
BRDA:48,0,1,10
BRDA:48,1,0,11
BRDA:48,1,1,10
BRDA:62,2,0,1
BRDA:62,2,1,10
BRDA:66,3,0,1
BRDA:66,3,1,10
BRDA:155,4,0,0
BRDA:155,4,1,0
BRDA:155,5,0,0
BRDA:155,5,1,0
BRF:12
BRH:8
end_of_record
TN:
SF:/Users/karolis/imkarolis/currency-exchanger-app/src/app/appState.ts
FN:39,(anonymous_0)
FN:52,(anonymous_1)
FN:57,(anonymous_2)
FN:61,(anonymous_3)
FN:67,(anonymous_4)
FN:70,(anonymous_5)
FN:76,(anonymous_6)
FN:82,(anonymous_7)
FN:91,(anonymous_8)
FN:101,(anonymous_9)
FN:112,(anonymous_10)
FN:121,(anonymous_11)
FN:126,(anonymous_12)
FN:130,(anonymous_13)
FN:138,(anonymous_14)
FN:163,(anonymous_15)
FN:163,(anonymous_16)
FN:186,(anonymous_17)
FN:186,(anonymous_18)
FN:195,(anonymous_19)
FN:195,(anonymous_20)
FN:204,(anonymous_21)
FN:204,(anonymous_22)
FN:208,(anonymous_23)
FN:208,(anonymous_24)
FN:212,(anonymous_25)
FN:212,(anonymous_26)
FN:216,(anonymous_27)
FN:216,(anonymous_28)
FN:220,(anonymous_29)
FN:220,(anonymous_30)
FN:224,(anonymous_31)
FN:230,(anonymous_32)
FN:239,(anonymous_33)
FN:239,(anonymous_34)
FN:249,getCurrenciesFromStorage
FNF:36
FNH:7
FNDA:0,(anonymous_0)
FNDA:5,(anonymous_1)
FNDA:0,(anonymous_2)
FNDA:0,(anonymous_3)
FNDA:0,(anonymous_4)
FNDA:0,(anonymous_5)
FNDA:10,(anonymous_6)
FNDA:0,(anonymous_7)
FNDA:0,(anonymous_8)
FNDA:0,(anonymous_9)
FNDA:0,(anonymous_10)
FNDA:0,(anonymous_11)
FNDA:0,(anonymous_12)
FNDA:0,(anonymous_13)
FNDA:0,(anonymous_14)
FNDA:11,(anonymous_15)
FNDA:11,(anonymous_16)
FNDA:0,(anonymous_17)
FNDA:0,(anonymous_18)
FNDA:0,(anonymous_19)
FNDA:0,(anonymous_20)
FNDA:10,(anonymous_21)
FNDA:10,(anonymous_22)
FNDA:0,(anonymous_23)
FNDA:0,(anonymous_24)
FNDA:0,(anonymous_25)
FNDA:0,(anonymous_26)
FNDA:0,(anonymous_27)
FNDA:0,(anonymous_28)
FNDA:0,(anonymous_29)
FNDA:0,(anonymous_30)
FNDA:0,(anonymous_31)
FNDA:0,(anonymous_32)
FNDA:0,(anonymous_33)
FNDA:0,(anonymous_34)
FNDA:11,getCurrenciesFromStorage
DA:9,1
DA:34,1
DA:40,0
DA:41,0
DA:42,0
DA:43,0
DA:44,0
DA:45,0
DA:46,0
DA:47,0
DA:48,0
DA:49,0
DA:50,0
DA:53,5
DA:54,5
DA:58,0
DA:59,0
DA:62,0
DA:63,0
DA:64,0
DA:68,0
DA:71,0
DA:72,0
DA:73,0
DA:77,10
DA:78,10
DA:79,10
DA:83,0
DA:84,0
DA:85,0
DA:86,0
DA:87,0
DA:88,0
DA:89,0
DA:92,0
DA:93,0
DA:94,0
DA:95,0
DA:96,0
DA:97,0
DA:98,0
DA:102,0
DA:103,0
DA:104,0
DA:105,0
DA:106,0
DA:107,0
DA:108,0
DA:109,0
DA:110,0
DA:113,0
DA:114,0
DA:115,0
DA:116,0
DA:122,0
DA:123,0
DA:127,0
DA:128,0
DA:131,0
DA:132,0
DA:133,0
DA:134,0
DA:135,0
DA:136,0
DA:139,0
DA:160,1
DA:163,11
DA:164,11
DA:165,11
DA:167,11
DA:168,11
DA:169,11
DA:170,0
DA:174,0
DA:178,0
DA:179,0
DA:180,0
DA:182,5
DA:186,1
DA:187,0
DA:188,0
DA:189,0
DA:191,0
DA:195,1
DA:196,0
DA:197,0
DA:198,0
DA:200,0
DA:204,10
DA:205,10
DA:208,1
DA:209,0
DA:212,1
DA:213,0
DA:216,1
DA:217,0
DA:220,1
DA:221,0
DA:224,1
DA:230,0
DA:231,0
DA:232,0
DA:233,0
DA:235,0
DA:239,1
DA:240,0
DA:241,0
DA:242,0
DA:243,0
DA:245,0
DA:250,11
DA:251,11
DA:252,10
DA:253,10
LF:114
LH:29
BRDA:41,0,0,0
BRDA:41,0,1,0
BRDA:41,1,0,0
BRDA:41,1,1,0
BRDA:62,2,0,0
BRDA:62,2,1,0
BRDA:71,3,0,0
BRDA:71,3,1,0
BRDA:77,4,0,0
BRDA:77,4,1,10
BRDA:77,5,0,10
BRDA:77,5,1,10
BRDA:83,6,0,0
BRDA:83,6,1,0
BRDA:83,7,0,0
BRDA:83,7,1,0
BRDA:83,7,2,0
BRDA:83,7,3,0
BRDA:92,8,0,0
BRDA:92,8,1,0
BRDA:92,9,0,0
BRDA:92,9,1,0
BRDA:92,9,2,0
BRDA:92,9,3,0
BRDA:102,10,0,0
BRDA:102,10,1,0
BRDA:102,11,0,0
BRDA:102,11,1,0
BRDA:113,12,0,0
BRDA:113,12,1,0
BRDA:127,13,0,0
BRDA:127,13,1,0
BRDA:171,14,0,0
BRDA:171,14,1,0
BRDA:172,15,0,0
BRDA:172,15,1,0
BRDA:175,16,0,0
BRDA:175,16,1,0
BRDA:176,17,0,0
BRDA:176,17,1,0
BRDA:178,18,0,0
BRDA:178,18,1,0
BRDA:179,19,0,0
BRDA:179,19,1,0
BRDA:251,20,0,1
BRDA:251,20,1,10
BRF:46
BRH:5
end_of_record
TN:
SF:/Users/karolis/imkarolis/currency-exchanger-app/src/app/store.ts
FNF:0
FNH:0
DA:5,1
DA:9,1
LF:2
LH:2
BRF:0
BRH:0
end_of_record
TN:
SF:/Users/karolis/imkarolis/currency-exchanger-app/src/app/types.ts
FNF:0
FNH:0
LF:0
LH:0
BRF:0
BRH:0
end_of_record
TN:
SF:/Users/karolis/imkarolis/currency-exchanger-app/src/app/features/index.ts
FNF:0
FNH:0
LF:0
LH:0
BRF:0
BRH:0
end_of_record
TN:
SF:/Users/karolis/imkarolis/currency-exchanger-app/src/app/features/convert/index.ts
FNF:0
FNH:0
LF:0
LH:0
BRF:0
BRH:0
end_of_record
TN:
SF:/Users/karolis/imkarolis/currency-exchanger-app/src/components/ButtonContinue.tsx
FN:11,ButtonContinue
FN:13,(anonymous_1)
FN:17,(anonymous_2)
FNF:3
FNH:2
FNDA:20,ButtonContinue
FNDA:60,(anonymous_1)
FNDA:0,(anonymous_2)
DA:12,20
DA:13,60
DA:15,20
DA:17,20
DA:18,0
DA:19,0
DA:20,0
DA:21,0
DA:24,20
LF:9
LH:5
BRDA:18,0,0,0
BRDA:18,0,1,0
BRDA:18,1,0,0
BRDA:18,1,1,0
BRF:4
BRH:0
end_of_record
TN:
SF:/Users/karolis/imkarolis/currency-exchanger-app/src/components/IconSwapInputs.tsx
FN:10,IconSwapInputs
FN:11,(anonymous_1)
FN:14,(anonymous_2)
FN:40,Rotate
FNF:4
FNH:3
FNDA:10,IconSwapInputs
FNDA:30,(anonymous_1)
FNDA:0,(anonymous_2)
FNDA:10,Rotate
DA:11,30
DA:12,10
DA:14,10
DA:15,0
DA:16,0
DA:19,10
DA:41,10
LF:7
LH:5
BRDA:15,0,0,0
BRDA:15,0,1,0
BRDA:15,1,0,0
BRDA:15,1,1,0
BRDA:21,2,0,10
BRDA:21,2,1,10
BRF:6
BRH:2
end_of_record
TN:
SF:/Users/karolis/imkarolis/currency-exchanger-app/src/components/index.ts
FNF:0
FNH:0
LF:0
LH:0
BRF:0
BRH:0
end_of_record
TN:
SF:/Users/karolis/imkarolis/currency-exchanger-app/src/components/CurrencyMetadata/TodaysChnage.tsx
FN:9,TodaysChange
FNF:1
FNH:1
FNDA:10,TodaysChange
DA:10,10
DA:11,10
DA:13,10
DA:15,10
LF:4
LH:4
BRDA:16,0,0,0
BRDA:16,0,1,10
BRDA:17,1,0,0
BRDA:17,1,1,10
BRF:4
BRH:2
end_of_record
TN:
SF:/Users/karolis/imkarolis/currency-exchanger-app/src/components/CurrencyMetadata/index.tsx
FN:7,CurrencyMetadata
FN:8,(anonymous_1)
FNF:2
FNH:2
FNDA:10,CurrencyMetadata
FNDA:30,(anonymous_1)
DA:8,30
DA:9,10
LF:2
LH:2
BRDA:8,0,0,0
BRDA:16,1,0,10
BRDA:16,1,1,10
BRDA:23,2,0,10
BRDA:23,2,1,10
BRF:5
BRH:4
end_of_record
TN:
SF:/Users/karolis/imkarolis/currency-exchanger-app/src/components/Dropdown/CurrencyItem.tsx
FN:13,CurrencyItem
FN:23,(anonymous_1)
FN:24,(anonymous_2)
FNF:3
FNH:0
FNDA:0,CurrencyItem
FNDA:0,(anonymous_1)
FNDA:0,(anonymous_2)
DA:14,0
DA:23,0
DA:24,0
LF:3
LH:0
BRDA:37,0,0,0
BRDA:37,0,1,0
BRF:2
BRH:0
end_of_record
TN:
SF:/Users/karolis/imkarolis/currency-exchanger-app/src/components/Dropdown/SearchCurrencyInput.tsx
FN:6,SearchCurrencyInput
FNF:1
FNH:0
FNDA:0,SearchCurrencyInput
DA:18,0
LF:1
LH:0
BRF:0
BRH:0
end_of_record
TN:
SF:/Users/karolis/imkarolis/currency-exchanger-app/src/components/Dropdown/index.tsx
FN:22,Dropdown
FN:28,(anonymous_1)
FN:29,(anonymous_2)
FN:31,(anonymous_3)
FN:35,(anonymous_4)
FN:40,(anonymous_5)
FN:89,(anonymous_6)
FNF:7
FNH:1
FNDA:20,Dropdown
FNDA:0,(anonymous_1)
FNDA:0,(anonymous_2)
FNDA:0,(anonymous_3)
FNDA:0,(anonymous_4)
FNDA:0,(anonymous_5)
FNDA:0,(anonymous_6)
DA:23,20
DA:24,20
DA:25,20
DA:26,20
DA:27,20
DA:28,20
DA:29,20
DA:31,20
DA:32,0
DA:35,20
DA:36,0
DA:37,0
DA:40,20
DA:41,0
DA:42,0
DA:43,0
DA:45,0
DA:49,20
DA:51,20
DA:91,0
LF:20
LH:12
BRDA:41,0,0,0
BRDA:41,0,1,0
BRDA:49,1,0,0
BRDA:49,1,1,20
BRDA:66,2,0,0
BRDA:66,2,1,20
BRDA:71,3,0,20
BRDA:71,3,1,0
BRF:8
BRH:3
end_of_record
TN:
SF:/Users/karolis/imkarolis/currency-exchanger-app/src/components/InputAmount/index.tsx
FN:15,InputAmount
FN:19,(anonymous_1)
FNF:2
FNH:1
FNDA:20,InputAmount
FNDA:0,(anonymous_1)
DA:16,20
DA:17,20
DA:19,20
DA:20,0
DA:23,20
LF:5
LH:4
BRDA:27,0,0,20
BRDA:27,0,1,20
BRDA:31,1,0,10
BRDA:31,1,1,10
BRDA:34,2,0,0
BRDA:34,2,1,20
BRF:6
BRH:5
end_of_record
TN:
SF:/Users/karolis/imkarolis/currency-exchanger-app/src/utils/helpers.ts
FN:5,numberBetween
FN:14,getTimestamp
FN:21,formatHistoryData
FN:22,(anonymous_3)
FN:26,(anonymous_4)
FN:32,getEndAtDay
FN:36,getStartAtDay
FN:41,getSelected
FN:42,(anonymous_8)
FN:45,getFiltered
FN:46,(anonymous_10)
FN:49,getCanSubmit
FN:53,waait
FN:55,(anonymous_13)
FN:55,(anonymous_14)
FN:58,getPocketValue
FN:66,getInputValue
FN:74,isValidInput
FNF:18
FNH:10
FNDA:0,numberBetween
FNDA:6,getTimestamp
FNDA:2,formatHistoryData
FNDA:3,(anonymous_3)
FNDA:4,(anonymous_4)
FNDA:0,getEndAtDay
FNDA:0,getStartAtDay
FNDA:1,getSelected
FNDA:2,(anonymous_8)
FNDA:0,getFiltered
FNDA:0,(anonymous_10)
FNDA:2,getCanSubmit
FNDA:0,waait
FNDA:0,(anonymous_13)
FNDA:0,(anonymous_14)
FNDA:4,getPocketValue
FNDA:4,getInputValue
FNDA:10,isValidInput
DA:6,0
DA:15,6
DA:16,6
DA:17,6
DA:18,6
DA:22,2
DA:23,3
DA:26,2
DA:27,4
DA:29,2
DA:33,0
DA:37,0
DA:38,0
DA:42,2
DA:46,0
DA:50,2
DA:54,0
DA:55,0
DA:59,4
DA:60,4
DA:61,2
DA:63,2
DA:67,4
DA:68,4
DA:69,2
DA:71,2
DA:75,10
DA:76,10
DA:77,10
DA:78,10
LF:30
LH:23
BRDA:5,0,0,0
BRDA:50,1,0,2
BRDA:50,1,1,1
BRDA:60,2,0,2
BRDA:60,2,1,2
BRDA:68,3,0,2
BRDA:68,3,1,2
BRDA:75,4,0,10
BRDA:75,4,1,5
BRDA:75,4,2,5
BRDA:76,5,0,10
BRDA:76,5,1,8
BRDA:78,6,0,10
BRDA:78,6,1,8
BRDA:78,6,2,2
BRF:15
BRH:14
end_of_record
TN:
SF:/Users/karolis/imkarolis/currency-exchanger-app/src/utils/testing-utils.tsx
FN:35,AllProviders
FN:50,customRender
FN:51,Wrapper
FNF:3
FNH:3
FNDA:11,AllProviders
FNDA:11,customRender
FNDA:11,Wrapper
DA:12,1
DA:16,1
DA:36,11
DA:40,11
DA:52,11
DA:54,11
LF:6
LH:6
BRDA:35,0,0,0
BRDA:50,1,0,0
BRDA:50,2,0,0
BRF:3
BRH:0
end_of_record
TN:
SF:/Users/karolis/imkarolis/currency-exchanger-app/src/utils/hooks/index.ts
FNF:0
FNH:0
LF:0
LH:0
BRF:0
BRH:0
end_of_record
TN:
SF:/Users/karolis/imkarolis/currency-exchanger-app/src/utils/hooks/useLocalStorage.ts
FNF:0
FNH:0
LF:0
LH:0
BRF:0
BRH:0
end_of_record
TN:
SF:/Users/karolis/imkarolis/currency-exchanger-app/src/utils/hooks/useNotification.ts
FN:6,useNotification
FN:7,(anonymous_1)
FN:10,(anonymous_2)
FNF:3
FNH:3
FNDA:11,useNotification
FNDA:32,(anonymous_1)
FNDA:11,(anonymous_2)
DA:7,32
DA:9,11
DA:10,11
DA:11,11
DA:12,0
LF:5
LH:4
BRDA:11,0,0,11
BRDA:11,0,1,0
BRF:2
BRH:1
end_of_record
TN:
SF:/Users/karolis/imkarolis/currency-exchanger-app/src/utils/hooks/useOnClickOutside.ts
FN:4,useOnClickOutside
FN:5,(anonymous_1)
FN:6,(anonymous_2)
FN:18,(anonymous_3)
FNF:4
FNH:3
FNDA:20,useOnClickOutside
FNDA:20,(anonymous_1)
FNDA:0,(anonymous_2)
FNDA:20,(anonymous_3)
DA:5,20
DA:6,20
DA:8,0
DA:9,0
DA:12,0
DA:15,20
DA:16,20
DA:18,20
DA:19,20
DA:20,20
LF:10
LH:7
BRDA:8,0,0,0
BRDA:8,0,1,0
BRDA:8,1,0,0
BRDA:8,1,1,0
BRF:4
BRH:0
end_of_record
